[0.688s] DEBUG:colcon:Command line arguments: ['/usr/bin/colcon', 'build', '--packages-select', 'unitree_legged_real']
[0.688s] DEBUG:colcon:Parsed command line arguments: Namespace(log_base=None, log_level=None, verb_name='build', build_base='build', install_base='install', merge_install=False, symlink_install=False, test_result_base=None, continue_on_error=False, executor='parallel', parallel_workers=8, event_handlers=None, ignore_user_meta=False, metas=['./colcon.meta'], base_paths=['.'], packages_ignore=None, packages_ignore_regex=None, paths=None, packages_up_to=None, packages_up_to_regex=None, packages_above=None, packages_above_and_dependencies=None, packages_above_depth=None, packages_select_by_dep=None, packages_skip_by_dep=None, packages_skip_up_to=None, packages_select_build_failed=False, packages_skip_build_finished=False, packages_select_test_failures=False, packages_skip_test_passed=False, packages_select=['unitree_legged_real'], packages_skip=None, packages_select_regex=None, packages_skip_regex=None, packages_start=None, packages_end=None, allow_overriding=[], cmake_args=None, cmake_target=None, cmake_target_skip_unavailable=False, cmake_clean_cache=False, cmake_clean_first=False, cmake_force_configure=False, ament_cmake_args=None, catkin_cmake_args=None, catkin_skip_building_tests=False, verb_parser=<colcon_defaults.argument_parser.defaults.DefaultArgumentsDecorator object at 0x7e0a4ba096c0>, verb_extension=<colcon_core.verb.build.BuildVerb object at 0x7e0a4bbb3250>, main=<bound method BuildVerb.main of <colcon_core.verb.build.BuildVerb object at 0x7e0a4bbb3250>>)
[0.727s] Level 1:colcon.colcon_core.package_discovery:discover_packages(colcon_meta) check parameters
[0.727s] Level 1:colcon.colcon_core.package_discovery:discover_packages(recursive) check parameters
[0.727s] Level 1:colcon.colcon_core.package_discovery:discover_packages(ignore) check parameters
[0.727s] Level 1:colcon.colcon_core.package_discovery:discover_packages(path) check parameters
[0.727s] Level 1:colcon.colcon_core.package_discovery:discover_packages(colcon_meta) discover
[0.727s] Level 1:colcon.colcon_core.package_discovery:discover_packages(recursive) discover
[0.727s] INFO:colcon.colcon_core.package_discovery:Crawling recursively for packages in '/home/dong/ros2_ws'
[0.727s] Level 1:colcon.colcon_core.package_identification:_identify(.) by extensions ['ignore', 'ignore_ament_install']
[0.727s] Level 1:colcon.colcon_core.package_identification:_identify(.) by extension 'ignore'
[0.727s] Level 1:colcon.colcon_core.package_identification:_identify(.) by extension 'ignore_ament_install'
[0.727s] Level 1:colcon.colcon_core.package_identification:_identify(.) by extensions ['colcon_pkg']
[0.728s] Level 1:colcon.colcon_core.package_identification:_identify(.) by extension 'colcon_pkg'
[0.728s] Level 1:colcon.colcon_core.package_identification:_identify(.) by extensions ['colcon_meta']
[0.728s] Level 1:colcon.colcon_core.package_identification:_identify(.) by extension 'colcon_meta'
[0.728s] Level 1:colcon.colcon_core.package_identification:_identify(.) by extensions ['ros']
[0.728s] Level 1:colcon.colcon_core.package_identification:_identify(.) by extension 'ros'
[0.744s] Level 1:colcon.colcon_core.package_identification:_identify(.) by extensions ['cmake', 'python']
[0.744s] Level 1:colcon.colcon_core.package_identification:_identify(.) by extension 'cmake'
[0.744s] Level 1:colcon.colcon_core.package_identification:_identify(.) by extension 'python'
[0.744s] Level 1:colcon.colcon_core.package_identification:_identify(.) by extensions ['python_setup_py']
[0.744s] Level 1:colcon.colcon_core.package_identification:_identify(.) by extension 'python_setup_py'
[0.744s] Level 1:colcon.colcon_core.package_identification:_identify(build) by extensions ['ignore', 'ignore_ament_install']
[0.745s] Level 1:colcon.colcon_core.package_identification:_identify(build) by extension 'ignore'
[0.745s] Level 1:colcon.colcon_core.package_identification:_identify(build) ignored
[0.745s] Level 1:colcon.colcon_core.package_identification:_identify(install) by extensions ['ignore', 'ignore_ament_install']
[0.745s] Level 1:colcon.colcon_core.package_identification:_identify(install) by extension 'ignore'
[0.745s] Level 1:colcon.colcon_core.package_identification:_identify(install) ignored
[0.745s] Level 1:colcon.colcon_core.package_identification:_identify(log) by extensions ['ignore', 'ignore_ament_install']
[0.745s] Level 1:colcon.colcon_core.package_identification:_identify(log) by extension 'ignore'
[0.745s] Level 1:colcon.colcon_core.package_identification:_identify(log) ignored
[0.745s] Level 1:colcon.colcon_core.package_identification:_identify(src) by extensions ['ignore', 'ignore_ament_install']
[0.745s] Level 1:colcon.colcon_core.package_identification:_identify(src) by extension 'ignore'
[0.745s] Level 1:colcon.colcon_core.package_identification:_identify(src) by extension 'ignore_ament_install'
[0.745s] Level 1:colcon.colcon_core.package_identification:_identify(src) by extensions ['colcon_pkg']
[0.745s] Level 1:colcon.colcon_core.package_identification:_identify(src) by extension 'colcon_pkg'
[0.745s] Level 1:colcon.colcon_core.package_identification:_identify(src) by extensions ['colcon_meta']
[0.745s] Level 1:colcon.colcon_core.package_identification:_identify(src) by extension 'colcon_meta'
[0.745s] Level 1:colcon.colcon_core.package_identification:_identify(src) by extensions ['ros']
[0.745s] Level 1:colcon.colcon_core.package_identification:_identify(src) by extension 'ros'
[0.745s] Level 1:colcon.colcon_core.package_identification:_identify(src) by extensions ['cmake', 'python']
[0.745s] Level 1:colcon.colcon_core.package_identification:_identify(src) by extension 'cmake'
[0.745s] Level 1:colcon.colcon_core.package_identification:_identify(src) by extension 'python'
[0.745s] Level 1:colcon.colcon_core.package_identification:_identify(src) by extensions ['python_setup_py']
[0.745s] Level 1:colcon.colcon_core.package_identification:_identify(src) by extension 'python_setup_py'
[0.745s] Level 1:colcon.colcon_core.package_identification:_identify(src/ros2_unitree_legged_msgs) by extensions ['ignore', 'ignore_ament_install']
[0.745s] Level 1:colcon.colcon_core.package_identification:_identify(src/ros2_unitree_legged_msgs) by extension 'ignore'
[0.745s] Level 1:colcon.colcon_core.package_identification:_identify(src/ros2_unitree_legged_msgs) by extension 'ignore_ament_install'
[0.745s] Level 1:colcon.colcon_core.package_identification:_identify(src/ros2_unitree_legged_msgs) by extensions ['colcon_pkg']
[0.745s] Level 1:colcon.colcon_core.package_identification:_identify(src/ros2_unitree_legged_msgs) by extension 'colcon_pkg'
[0.745s] Level 1:colcon.colcon_core.package_identification:_identify(src/ros2_unitree_legged_msgs) by extensions ['colcon_meta']
[0.745s] Level 1:colcon.colcon_core.package_identification:_identify(src/ros2_unitree_legged_msgs) by extension 'colcon_meta'
[0.746s] Level 1:colcon.colcon_core.package_identification:_identify(src/ros2_unitree_legged_msgs) by extensions ['ros']
[0.746s] Level 1:colcon.colcon_core.package_identification:_identify(src/ros2_unitree_legged_msgs) by extension 'ros'
[0.747s] DEBUG:colcon.colcon_core.package_identification:Package 'src/ros2_unitree_legged_msgs' with type 'ros.ament_cmake' and name 'ros2_unitree_legged_msgs'
[0.747s] Level 1:colcon.colcon_core.package_identification:_identify(src/unitree_ros2_to_real) by extensions ['ignore', 'ignore_ament_install']
[0.747s] Level 1:colcon.colcon_core.package_identification:_identify(src/unitree_ros2_to_real) by extension 'ignore'
[0.747s] Level 1:colcon.colcon_core.package_identification:_identify(src/unitree_ros2_to_real) by extension 'ignore_ament_install'
[0.747s] Level 1:colcon.colcon_core.package_identification:_identify(src/unitree_ros2_to_real) by extensions ['colcon_pkg']
[0.747s] Level 1:colcon.colcon_core.package_identification:_identify(src/unitree_ros2_to_real) by extension 'colcon_pkg'
[0.747s] Level 1:colcon.colcon_core.package_identification:_identify(src/unitree_ros2_to_real) by extensions ['colcon_meta']
[0.747s] Level 1:colcon.colcon_core.package_identification:_identify(src/unitree_ros2_to_real) by extension 'colcon_meta'
[0.747s] Level 1:colcon.colcon_core.package_identification:_identify(src/unitree_ros2_to_real) by extensions ['ros']
[0.748s] Level 1:colcon.colcon_core.package_identification:_identify(src/unitree_ros2_to_real) by extension 'ros'
[0.748s] DEBUG:colcon.colcon_core.package_identification:Package 'src/unitree_ros2_to_real' with type 'ros.ament_cmake' and name 'unitree_legged_real'
[0.748s] Level 1:colcon.colcon_core.package_discovery:discover_packages(recursive) using defaults
[0.748s] Level 1:colcon.colcon_core.package_discovery:discover_packages(ignore) discover
[0.748s] Level 1:colcon.colcon_core.package_discovery:discover_packages(ignore) using defaults
[0.748s] Level 1:colcon.colcon_core.package_discovery:discover_packages(path) discover
[0.748s] Level 1:colcon.colcon_core.package_discovery:discover_packages(path) using defaults
[0.792s] INFO:colcon.colcon_core.package_selection:Skipping not selected package 'ros2_unitree_legged_msgs' in 'src/ros2_unitree_legged_msgs'
[0.813s] Level 1:colcon.colcon_core.package_discovery:discover_packages(prefix_path) check parameters
[0.813s] Level 1:colcon.colcon_core.package_discovery:discover_packages(prefix_path) discover
[0.834s] DEBUG:colcon.colcon_installed_package_information.package_discovery:Found 2 installed packages in /home/dong/ros2_ws/install
[0.845s] DEBUG:colcon.colcon_installed_package_information.package_discovery:Found 420 installed packages in /opt/ros/humble
[0.847s] Level 1:colcon.colcon_core.package_discovery:discover_packages(prefix_path) using defaults
[0.916s] Level 5:colcon.colcon_core.verb:set package 'unitree_legged_real' build argument 'cmake_args' from command line to 'None'
[0.916s] Level 5:colcon.colcon_core.verb:set package 'unitree_legged_real' build argument 'cmake_target' from command line to 'None'
[0.916s] Level 5:colcon.colcon_core.verb:set package 'unitree_legged_real' build argument 'cmake_target_skip_unavailable' from command line to 'False'
[0.916s] Level 5:colcon.colcon_core.verb:set package 'unitree_legged_real' build argument 'cmake_clean_cache' from command line to 'False'
[0.916s] Level 5:colcon.colcon_core.verb:set package 'unitree_legged_real' build argument 'cmake_clean_first' from command line to 'False'
[0.916s] Level 5:colcon.colcon_core.verb:set package 'unitree_legged_real' build argument 'cmake_force_configure' from command line to 'False'
[0.916s] Level 5:colcon.colcon_core.verb:set package 'unitree_legged_real' build argument 'ament_cmake_args' from command line to 'None'
[0.916s] Level 5:colcon.colcon_core.verb:set package 'unitree_legged_real' build argument 'catkin_cmake_args' from command line to 'None'
[0.916s] Level 5:colcon.colcon_core.verb:set package 'unitree_legged_real' build argument 'catkin_skip_building_tests' from command line to 'False'
[0.916s] DEBUG:colcon.colcon_core.verb:Building package 'unitree_legged_real' with the following arguments: {'ament_cmake_args': None, 'build_base': '/home/dong/ros2_ws/build/unitree_legged_real', 'catkin_cmake_args': None, 'catkin_skip_building_tests': False, 'cmake_args': None, 'cmake_clean_cache': False, 'cmake_clean_first': False, 'cmake_force_configure': False, 'cmake_target': None, 'cmake_target_skip_unavailable': False, 'install_base': '/home/dong/ros2_ws/install/unitree_legged_real', 'merge_install': False, 'path': '/home/dong/ros2_ws/src/unitree_ros2_to_real', 'symlink_install': False, 'test_result_base': None}
[0.927s] INFO:colcon.colcon_core.executor:Executing jobs using 'parallel' executor
[0.938s] DEBUG:colcon.colcon_parallel_executor.executor.parallel:run_until_complete
[0.938s] INFO:colcon.colcon_ros.task.ament_cmake.build:Building ROS package in '/home/dong/ros2_ws/src/unitree_ros2_to_real' with build type 'ament_cmake'
[0.938s] INFO:colcon.colcon_cmake.task.cmake.build:Building CMake package in '/home/dong/ros2_ws/src/unitree_ros2_to_real'
[0.950s] INFO:colcon.colcon_core.plugin_system:Skipping extension 'colcon_core.shell.bat': Not used on non-Windows systems
[0.950s] INFO:colcon.colcon_core.shell:Skip shell extension 'powershell' for command environment: Not usable outside of PowerShell
[0.950s] DEBUG:colcon.colcon_core.shell:Skip shell extension 'dsv' for command environment
[0.990s] DEBUG:colcon.colcon_core.event_handler.log_command:Invoking command in '/home/dong/ros2_ws/build/unitree_legged_real': CMAKE_PREFIX_PATH=/home/dong/ros2_ws/install/ros2_unitree_legged_msgs:/home/dong/ros2_ws/install/unitree_legged_real:/opt/ros/humble LD_LIBRARY_PATH=/home/dong/ros2_ws/install/ros2_unitree_legged_msgs/lib:/home/dong/ros2_ws/install/unitree_legged_real/lib:/opt/ros/humble/opt/rviz_ogre_vendor/lib:/opt/ros/humble/lib/x86_64-linux-gnu:/opt/ros/humble/lib /usr/bin/cmake --build /home/dong/ros2_ws/build/unitree_legged_real -- -j8 -l8
[1.469s] DEBUG:colcon.colcon_core.event_handler.log_command:Invoked command in '/home/dong/ros2_ws/build/unitree_legged_real' returned '0': CMAKE_PREFIX_PATH=/home/dong/ros2_ws/install/ros2_unitree_legged_msgs:/home/dong/ros2_ws/install/unitree_legged_real:/opt/ros/humble LD_LIBRARY_PATH=/home/dong/ros2_ws/install/ros2_unitree_legged_msgs/lib:/home/dong/ros2_ws/install/unitree_legged_real/lib:/opt/ros/humble/opt/rviz_ogre_vendor/lib:/opt/ros/humble/lib/x86_64-linux-gnu:/opt/ros/humble/lib /usr/bin/cmake --build /home/dong/ros2_ws/build/unitree_legged_real -- -j8 -l8
[1.497s] DEBUG:colcon.colcon_core.event_handler.log_command:Invoking command in '/home/dong/ros2_ws/build/unitree_legged_real': CMAKE_PREFIX_PATH=/home/dong/ros2_ws/install/ros2_unitree_legged_msgs:/home/dong/ros2_ws/install/unitree_legged_real:/opt/ros/humble LD_LIBRARY_PATH=/home/dong/ros2_ws/install/ros2_unitree_legged_msgs/lib:/home/dong/ros2_ws/install/unitree_legged_real/lib:/opt/ros/humble/opt/rviz_ogre_vendor/lib:/opt/ros/humble/lib/x86_64-linux-gnu:/opt/ros/humble/lib /usr/bin/cmake --install /home/dong/ros2_ws/build/unitree_legged_real
[1.503s] DEBUG:colcon.colcon_core.event_handler.log_command:Invoked command in '/home/dong/ros2_ws/build/unitree_legged_real' returned '1': CMAKE_PREFIX_PATH=/home/dong/ros2_ws/install/ros2_unitree_legged_msgs:/home/dong/ros2_ws/install/unitree_legged_real:/opt/ros/humble LD_LIBRARY_PATH=/home/dong/ros2_ws/install/ros2_unitree_legged_msgs/lib:/home/dong/ros2_ws/install/unitree_legged_real/lib:/opt/ros/humble/opt/rviz_ogre_vendor/lib:/opt/ros/humble/lib/x86_64-linux-gnu:/opt/ros/humble/lib /usr/bin/cmake --install /home/dong/ros2_ws/build/unitree_legged_real
[1.534s] Level 1:colcon.colcon_core.environment:create_environment_scripts_only(unitree_legged_real)
[1.546s] Level 1:colcon.colcon_core.environment:checking '/home/dong/ros2_ws/install/unitree_legged_real' for CMake module files
[1.547s] Level 1:colcon.colcon_core.environment:checking '/home/dong/ros2_ws/install/unitree_legged_real' for CMake config files
[1.547s] Level 1:colcon.colcon_core.shell:create_environment_hook('unitree_legged_real', 'cmake_prefix_path')
[1.557s] INFO:colcon.colcon_core.shell:Creating environment hook '/home/dong/ros2_ws/install/unitree_legged_real/share/unitree_legged_real/hook/cmake_prefix_path.ps1'
[1.557s] INFO:colcon.colcon_core.shell:Creating environment descriptor '/home/dong/ros2_ws/install/unitree_legged_real/share/unitree_legged_real/hook/cmake_prefix_path.dsv'
[1.557s] INFO:colcon.colcon_core.shell:Creating environment hook '/home/dong/ros2_ws/install/unitree_legged_real/share/unitree_legged_real/hook/cmake_prefix_path.sh'
[1.558s] Level 1:colcon.colcon_core.environment:checking '/home/dong/ros2_ws/install/unitree_legged_real/lib'
[1.558s] Level 1:colcon.colcon_core.shell:create_environment_hook('unitree_legged_real', 'ld_library_path_lib')
[1.568s] INFO:colcon.colcon_core.shell:Creating environment hook '/home/dong/ros2_ws/install/unitree_legged_real/share/unitree_legged_real/hook/ld_library_path_lib.ps1'
[1.568s] INFO:colcon.colcon_core.shell:Creating environment descriptor '/home/dong/ros2_ws/install/unitree_legged_real/share/unitree_legged_real/hook/ld_library_path_lib.dsv'
[1.569s] INFO:colcon.colcon_core.shell:Creating environment hook '/home/dong/ros2_ws/install/unitree_legged_real/share/unitree_legged_real/hook/ld_library_path_lib.sh'
[1.569s] Level 1:colcon.colcon_core.environment:checking '/home/dong/ros2_ws/install/unitree_legged_real/bin'
[1.569s] Level 1:colcon.colcon_core.environment:checking '/home/dong/ros2_ws/install/unitree_legged_real/lib/pkgconfig/unitree_legged_real.pc'
[1.569s] Level 1:colcon.colcon_core.environment:checking '/home/dong/ros2_ws/install/unitree_legged_real/lib/python3.10/site-packages'
[1.569s] Level 1:colcon.colcon_core.environment:checking '/home/dong/ros2_ws/install/unitree_legged_real/bin'
[1.580s] INFO:colcon.colcon_core.shell:Creating package script '/home/dong/ros2_ws/install/unitree_legged_real/share/unitree_legged_real/package.ps1'
[1.580s] INFO:colcon.colcon_core.shell:Creating package descriptor '/home/dong/ros2_ws/install/unitree_legged_real/share/unitree_legged_real/package.dsv'
[1.581s] INFO:colcon.colcon_core.shell:Creating package script '/home/dong/ros2_ws/install/unitree_legged_real/share/unitree_legged_real/package.sh'
[1.581s] INFO:colcon.colcon_core.shell:Creating package script '/home/dong/ros2_ws/install/unitree_legged_real/share/unitree_legged_real/package.bash'
[1.582s] INFO:colcon.colcon_core.shell:Creating package script '/home/dong/ros2_ws/install/unitree_legged_real/share/unitree_legged_real/package.zsh'
[1.582s] Level 1:colcon.colcon_core.environment:create_file_with_runtime_dependencies(/home/dong/ros2_ws/install/unitree_legged_real/share/colcon-core/packages/unitree_legged_real)
[1.592s] DEBUG:colcon.colcon_parallel_executor.executor.parallel:closing loop
[1.592s] DEBUG:colcon.colcon_parallel_executor.executor.parallel:loop closed
[1.592s] DEBUG:colcon.colcon_parallel_executor.executor.parallel:run_until_complete finished with '1'
[1.593s] DEBUG:colcon.colcon_core.event_reactor:joining thread
[1.606s] INFO:colcon.colcon_core.plugin_system:Skipping extension 'colcon_notification.desktop_notification.terminal_notifier': Not used on non-Darwin systems
[1.607s] INFO:colcon.colcon_core.plugin_system:Skipping extension 'colcon_notification.desktop_notification.win32': Not used on non-Windows systems
[1.607s] INFO:colcon.colcon_notification.desktop_notification:Sending desktop notification using 'notify2'
[1.614s] DEBUG:colcon.colcon_core.event_reactor:joined thread
[1.624s] INFO:colcon.colcon_core.shell:Creating prefix script '/home/dong/ros2_ws/install/local_setup.ps1'
[1.625s] INFO:colcon.colcon_core.shell:Creating prefix util module '/home/dong/ros2_ws/install/_local_setup_util_ps1.py'
[1.626s] INFO:colcon.colcon_core.shell:Creating prefix chain script '/home/dong/ros2_ws/install/setup.ps1'
[1.636s] INFO:colcon.colcon_core.shell:Creating prefix script '/home/dong/ros2_ws/install/local_setup.sh'
[1.637s] INFO:colcon.colcon_core.shell:Creating prefix util module '/home/dong/ros2_ws/install/_local_setup_util_sh.py'
[1.637s] INFO:colcon.colcon_core.shell:Creating prefix chain script '/home/dong/ros2_ws/install/setup.sh'
[1.648s] INFO:colcon.colcon_core.shell:Creating prefix script '/home/dong/ros2_ws/install/local_setup.bash'
[1.648s] INFO:colcon.colcon_core.shell:Creating prefix chain script '/home/dong/ros2_ws/install/setup.bash'
[1.659s] INFO:colcon.colcon_core.shell:Creating prefix script '/home/dong/ros2_ws/install/local_setup.zsh'
[1.659s] INFO:colcon.colcon_core.shell:Creating prefix chain script '/home/dong/ros2_ws/install/setup.zsh'
