[0.037s] Invoking command in '/home/dong/ros2_ws/build/unitree_legged_real': AMENT_PREFIX_PATH=/home/dong/ros2_ws/install/ros2_unitree_legged_msgs:${AMENT_PREFIX_PATH} CMAKE_PREFIX_PATH=/home/dong/ros2_ws/install/ros2_unitree_legged_msgs:/opt/ros/humble LD_LIBRARY_PATH=/home/dong/ros2_ws/install/ros2_unitree_legged_msgs/lib:${LD_LIBRARY_PATH} PYTHONPATH=/home/dong/ros2_ws/install/ros2_unitree_legged_msgs/local/lib/python3.10/dist-packages:${PYTHONPATH} /usr/bin/cmake /home/dong/ros2_ws/src/unitree_ros2_to_real -DCMAKE_INSTALL_PREFIX=/home/dong/ros2_ws/install/unitree_legged_real
[0.070s] -- The C compiler identification is GNU 11.4.0
[0.104s] -- The CXX compiler identification is GNU 11.4.0
[0.108s] -- Detecting C compiler ABI info
[0.152s] -- Detecting C compiler ABI info - done
[0.157s] -- Check for working C compiler: /usr/bin/cc - skipped
[0.157s] -- Detecting C compile features
[0.158s] -- Detecting C compile features - done
[0.160s] -- Detecting CXX compiler ABI info
[0.210s] -- Detecting CXX compiler ABI info - done
[0.214s] -- Check for working CXX compiler: /usr/bin/c++ - skipped
[0.215s] -- Detecting CXX compile features
[0.215s] -- Detecting CXX compile features - done
[0.216s] -- Found ament_cmake: 1.3.8 (/opt/ros/humble/share/ament_cmake/cmake)
[0.438s] -- Found Python3: /usr/bin/python3 (found version "3.10.12") found components: Interpreter 
[0.497s] -- Found rclcpp: 16.0.8 (/opt/ros/humble/share/rclcpp/cmake)
[0.528s] -- Found rosidl_generator_c: 3.1.5 (/opt/ros/humble/share/rosidl_generator_c/cmake)
[0.531s] -- Found rosidl_adapter: 3.1.5 (/opt/ros/humble/share/rosidl_adapter/cmake)
[0.537s] -- Found rosidl_generator_cpp: 3.1.5 (/opt/ros/humble/share/rosidl_generator_cpp/cmake)
[0.546s] -- Using all available rosidl_typesupport_c: rosidl_typesupport_fastrtps_c;rosidl_typesupport_introspection_c
[0.559s] -- Using all available rosidl_typesupport_cpp: rosidl_typesupport_fastrtps_cpp;rosidl_typesupport_introspection_cpp
[0.613s] -- Found rmw_implementation_cmake: 6.1.1 (/opt/ros/humble/share/rmw_implementation_cmake/cmake)
[0.615s] -- Found rmw_fastrtps_cpp: 6.2.6 (/opt/ros/humble/share/rmw_fastrtps_cpp/cmake)
[0.683s] -- Found OpenSSL: /usr/lib/x86_64-linux-gnu/libcrypto.so (found version "3.0.2")  
[0.702s] -- Found FastRTPS: /opt/ros/humble/include  
[0.736s] -- Using RMW implementation 'rmw_fastrtps_cpp' as default
[0.745s] -- Looking for pthread.h
[0.790s] -- Looking for pthread.h - found
[0.790s] -- Performing Test CMAKE_HAVE_LIBC_PTHREAD
[0.836s] -- Performing Test CMAKE_HAVE_LIBC_PTHREAD - Success
[0.836s] -- Found Threads: TRUE  
[0.951s] -- Found ros2_unitree_legged_msgs: 0.4.0 (/home/dong/ros2_ws/install/ros2_unitree_legged_msgs/share/ros2_unitree_legged_msgs/cmake)
[0.960s] [0m-- CMAKE_SYSTEM_PROCESSOR: x86_64[0m
[1.015s] -- Configuring done
[1.023s] -- Generating done
[1.024s] -- Build files have been written to: /home/dong/ros2_ws/build/unitree_legged_real
[1.031s] Invoked command in '/home/dong/ros2_ws/build/unitree_legged_real' returned '0': AMENT_PREFIX_PATH=/home/dong/ros2_ws/install/ros2_unitree_legged_msgs:${AMENT_PREFIX_PATH} CMAKE_PREFIX_PATH=/home/dong/ros2_ws/install/ros2_unitree_legged_msgs:/opt/ros/humble LD_LIBRARY_PATH=/home/dong/ros2_ws/install/ros2_unitree_legged_msgs/lib:${LD_LIBRARY_PATH} PYTHONPATH=/home/dong/ros2_ws/install/ros2_unitree_legged_msgs/local/lib/python3.10/dist-packages:${PYTHONPATH} /usr/bin/cmake /home/dong/ros2_ws/src/unitree_ros2_to_real -DCMAKE_INSTALL_PREFIX=/home/dong/ros2_ws/install/unitree_legged_real
[1.032s] Invoking command in '/home/dong/ros2_ws/build/unitree_legged_real': AMENT_PREFIX_PATH=/home/dong/ros2_ws/install/ros2_unitree_legged_msgs:${AMENT_PREFIX_PATH} CMAKE_PREFIX_PATH=/home/dong/ros2_ws/install/ros2_unitree_legged_msgs:/opt/ros/humble LD_LIBRARY_PATH=/home/dong/ros2_ws/install/ros2_unitree_legged_msgs/lib:${LD_LIBRARY_PATH} PYTHONPATH=/home/dong/ros2_ws/install/ros2_unitree_legged_msgs/local/lib/python3.10/dist-packages:${PYTHONPATH} /usr/bin/cmake --build /home/dong/ros2_ws/build/unitree_legged_real -- -j8 -l8
[1.063s] [ 50%] [32mBuilding CXX object CMakeFiles/ros2_position_example.dir/src/ros2_position_example.cpp.o[0m
[1.063s] [ 50%] [32mBuilding CXX object CMakeFiles/ros2_udp.dir/src/ros2_udp.cpp.o[0m
[1.063s] [ 50%] [32mBuilding CXX object CMakeFiles/ros2_walk_example.dir/src/ros2_walk_example.cpp.o[0m
[3.107s] In file included from [01m[K/usr/include/boost/smart_ptr/detail/sp_thread_sleep.hpp:22[m[K,
[3.107s]                  from [01m[K/usr/include/boost/smart_ptr/detail/yield_k.hpp:23[m[K,
[3.107s]                  from [01m[K/usr/include/boost/smart_ptr/detail/spinlock_gcc_atomic.hpp:14[m[K,
[3.107s]                  from [01m[K/usr/include/boost/smart_ptr/detail/spinlock.hpp:42[m[K,
[3.107s]                  from [01m[K/usr/include/boost/smart_ptr/detail/spinlock_pool.hpp:25[m[K,
[3.107s]                  from [01m[K/usr/include/boost/smart_ptr/shared_ptr.hpp:29[m[K,
[3.107s]                  from [01m[K/usr/include/boost/shared_ptr.hpp:17[m[K,
[3.107s]                  from [01m[K/home/dong/ros2_ws/src/unitree_ros2_to_real/unitree_legged_sdk/include/unitree_legged_sdk/loop.h:14[m[K,
[3.107s]                  from [01m[K/home/dong/ros2_ws/src/unitree_ros2_to_real/unitree_legged_sdk/include/unitree_legged_sdk/unitree_legged_sdk.h:11[m[K,
[3.107s]                  from [01m[K/home/dong/ros2_ws/src/unitree_ros2_to_real/src/ros2_udp.cpp:6[m[K:
[3.107s] [01m[K/usr/include/boost/bind.hpp:36:1:[m[K [01;36m[Knote: [m[K‘[01m[K#pragma message: The practice of declaring the Bind placeholders (_1, _2, ...) in the global namespace is deprecated. Please use <boost/bind/bind.hpp> + using namespace boost::placeholders, or define BOOST_BIND_GLOBAL_PLACEHOLDERS to retain the current behavior.[m[K’
[3.107s]    36 | [01;36m[KBOOST_PRAGMA_MESSAGE[m[K(
[3.107s]       | [01;36m[K^~~~~~~~~~~~~~~~~~~~[m[K
[3.124s] In file included from [01m[K/usr/include/boost/smart_ptr/detail/sp_thread_sleep.hpp:22[m[K,
[3.125s]                  from [01m[K/usr/include/boost/smart_ptr/detail/yield_k.hpp:23[m[K,
[3.125s]                  from [01m[K/usr/include/boost/smart_ptr/detail/spinlock_gcc_atomic.hpp:14[m[K,
[3.125s]                  from [01m[K/usr/include/boost/smart_ptr/detail/spinlock.hpp:42[m[K,
[3.125s]                  from [01m[K/usr/include/boost/smart_ptr/detail/spinlock_pool.hpp:25[m[K,
[3.125s]                  from [01m[K/usr/include/boost/smart_ptr/shared_ptr.hpp:29[m[K,
[3.125s]                  from [01m[K/usr/include/boost/shared_ptr.hpp:17[m[K,
[3.125s]                  from [01m[K/home/dong/ros2_ws/src/unitree_ros2_to_real/unitree_legged_sdk/include/unitree_legged_sdk/loop.h:14[m[K,
[3.125s]                  from [01m[K/home/dong/ros2_ws/src/unitree_ros2_to_real/unitree_legged_sdk/include/unitree_legged_sdk/unitree_legged_sdk.h:11[m[K,
[3.125s]                  from [01m[K/home/dong/ros2_ws/src/unitree_ros2_to_real/src/ros2_position_example.cpp:6[m[K:
[3.125s] [01m[K/usr/include/boost/bind.hpp:36:1:[m[K [01;36m[Knote: [m[K‘[01m[K#pragma message: The practice of declaring the Bind placeholders (_1, _2, ...) in the global namespace is deprecated. Please use <boost/bind/bind.hpp> + using namespace boost::placeholders, or define BOOST_BIND_GLOBAL_PLACEHOLDERS to retain the current behavior.[m[K’
[3.125s]    36 | [01;36m[KBOOST_PRAGMA_MESSAGE[m[K(
[3.125s]       | [01;36m[K^~~~~~~~~~~~~~~~~~~~[m[K
[3.125s] In file included from [01m[K/usr/include/boost/smart_ptr/detail/sp_thread_sleep.hpp:22[m[K,
[3.125s]                  from [01m[K/usr/include/boost/smart_ptr/detail/yield_k.hpp:23[m[K,
[3.125s]                  from [01m[K/usr/include/boost/smart_ptr/detail/spinlock_gcc_atomic.hpp:14[m[K,
[3.125s]                  from [01m[K/usr/include/boost/smart_ptr/detail/spinlock.hpp:42[m[K,
[3.125s]                  from [01m[K/usr/include/boost/smart_ptr/detail/spinlock_pool.hpp:25[m[K,
[3.125s]                  from [01m[K/usr/include/boost/smart_ptr/shared_ptr.hpp:29[m[K,
[3.125s]                  from [01m[K/usr/include/boost/shared_ptr.hpp:17[m[K,
[3.125s]                  from [01m[K/home/dong/ros2_ws/src/unitree_ros2_to_real/unitree_legged_sdk/include/unitree_legged_sdk/loop.h:14[m[K,
[3.125s]                  from [01m[K/home/dong/ros2_ws/src/unitree_ros2_to_real/unitree_legged_sdk/include/unitree_legged_sdk/unitree_legged_sdk.h:11[m[K,
[3.126s]                  from [01m[K/home/dong/ros2_ws/src/unitree_ros2_to_real/src/ros2_walk_example.cpp:6[m[K:
[3.126s] [01m[K/usr/include/boost/bind.hpp:36:1:[m[K [01;36m[Knote: [m[K‘[01m[K#pragma message: The practice of declaring the Bind placeholders (_1, _2, ...) in the global namespace is deprecated. Please use <boost/bind/bind.hpp> + using namespace boost::placeholders, or define BOOST_BIND_GLOBAL_PLACEHOLDERS to retain the current behavior.[m[K’
[3.126s]    36 | [01;36m[KBOOST_PRAGMA_MESSAGE[m[K(
[3.126s]       | [01;36m[K^~~~~~~~~~~~~~~~~~~~[m[K
[5.356s] [ 83%] [32m[1mLinking CXX executable ros2_walk_example[0m
[5.356s] [ 83%] [32m[1mLinking CXX executable ros2_position_example[0m
[5.464s] [ 83%] Built target ros2_walk_example
[5.466s] [ 83%] Built target ros2_position_example
[11.977s] [100%] [32m[1mLinking CXX executable ros2_udp[0m
[12.106s] [100%] Built target ros2_udp
[12.113s] Invoked command in '/home/dong/ros2_ws/build/unitree_legged_real' returned '0': AMENT_PREFIX_PATH=/home/dong/ros2_ws/install/ros2_unitree_legged_msgs:${AMENT_PREFIX_PATH} CMAKE_PREFIX_PATH=/home/dong/ros2_ws/install/ros2_unitree_legged_msgs:/opt/ros/humble LD_LIBRARY_PATH=/home/dong/ros2_ws/install/ros2_unitree_legged_msgs/lib:${LD_LIBRARY_PATH} PYTHONPATH=/home/dong/ros2_ws/install/ros2_unitree_legged_msgs/local/lib/python3.10/dist-packages:${PYTHONPATH} /usr/bin/cmake --build /home/dong/ros2_ws/build/unitree_legged_real -- -j8 -l8
[12.133s] Invoking command in '/home/dong/ros2_ws/build/unitree_legged_real': AMENT_PREFIX_PATH=/home/dong/ros2_ws/install/ros2_unitree_legged_msgs:${AMENT_PREFIX_PATH} CMAKE_PREFIX_PATH=/home/dong/ros2_ws/install/ros2_unitree_legged_msgs:/opt/ros/humble LD_LIBRARY_PATH=/home/dong/ros2_ws/install/ros2_unitree_legged_msgs/lib:${LD_LIBRARY_PATH} PYTHONPATH=/home/dong/ros2_ws/install/ros2_unitree_legged_msgs/local/lib/python3.10/dist-packages:${PYTHONPATH} /usr/bin/cmake --install /home/dong/ros2_ws/build/unitree_legged_real
[12.138s] -- Install configuration: ""
[12.138s] -- Installing: /home/dong/ros2_ws/install/unitree_legged_real/lib/unitree_legged_real/ros2_udp
[12.139s] -- Set runtime path of "/home/dong/ros2_ws/install/unitree_legged_real/lib/unitree_legged_real/ros2_udp" to ""
[12.139s] -- Installing: /home/dong/ros2_ws/install/unitree_legged_real/lib/unitree_legged_real/ros2_walk_example
[12.139s] -- Set runtime path of "/home/dong/ros2_ws/install/unitree_legged_real/lib/unitree_legged_real/ros2_walk_example" to ""
[12.139s] -- Installing: /home/dong/ros2_ws/install/unitree_legged_real/lib/unitree_legged_real/ros2_position_example
[12.139s] -- Set runtime path of "/home/dong/ros2_ws/install/unitree_legged_real/lib/unitree_legged_real/ros2_position_example" to ""
[12.139s] -- Up-to-date: /home/dong/ros2_ws/install/unitree_legged_real/lib
[12.139s] -- Installing: /home/dong/ros2_ws/install/unitree_legged_real/lib/libunitree_legged_sdk_arm64.so
[12.140s] -- Installing: /home/dong/ros2_ws/install/unitree_legged_real/lib/libunitree_legged_sdk_amd64.so
[12.140s] -- Installing: /home/dong/ros2_ws/install/unitree_legged_real/share/ament_index/resource_index/package_run_dependencies/unitree_legged_real
[12.140s] -- Installing: /home/dong/ros2_ws/install/unitree_legged_real/share/ament_index/resource_index/parent_prefix_path/unitree_legged_real
[12.140s] -- Installing: /home/dong/ros2_ws/install/unitree_legged_real/share/unitree_legged_real/environment/ament_prefix_path.sh
[12.140s] -- Installing: /home/dong/ros2_ws/install/unitree_legged_real/share/unitree_legged_real/environment/ament_prefix_path.dsv
[12.140s] -- Installing: /home/dong/ros2_ws/install/unitree_legged_real/share/unitree_legged_real/environment/path.sh
[12.140s] -- Installing: /home/dong/ros2_ws/install/unitree_legged_real/share/unitree_legged_real/environment/path.dsv
[12.141s] -- Installing: /home/dong/ros2_ws/install/unitree_legged_real/share/unitree_legged_real/local_setup.bash
[12.141s] -- Installing: /home/dong/ros2_ws/install/unitree_legged_real/share/unitree_legged_real/local_setup.sh
[12.141s] -- Installing: /home/dong/ros2_ws/install/unitree_legged_real/share/unitree_legged_real/local_setup.zsh
[12.141s] -- Installing: /home/dong/ros2_ws/install/unitree_legged_real/share/unitree_legged_real/local_setup.dsv
[12.141s] -- Installing: /home/dong/ros2_ws/install/unitree_legged_real/share/unitree_legged_real/package.dsv
[12.141s] -- Installing: /home/dong/ros2_ws/install/unitree_legged_real/share/ament_index/resource_index/packages/unitree_legged_real
[12.141s] -- Installing: /home/dong/ros2_ws/install/unitree_legged_real/share/unitree_legged_real/cmake/unitree_legged_realConfig.cmake
[12.141s] -- Installing: /home/dong/ros2_ws/install/unitree_legged_real/share/unitree_legged_real/cmake/unitree_legged_realConfig-version.cmake
[12.141s] -- Installing: /home/dong/ros2_ws/install/unitree_legged_real/share/unitree_legged_real/package.xml
[12.143s] Invoked command in '/home/dong/ros2_ws/build/unitree_legged_real' returned '0': AMENT_PREFIX_PATH=/home/dong/ros2_ws/install/ros2_unitree_legged_msgs:${AMENT_PREFIX_PATH} CMAKE_PREFIX_PATH=/home/dong/ros2_ws/install/ros2_unitree_legged_msgs:/opt/ros/humble LD_LIBRARY_PATH=/home/dong/ros2_ws/install/ros2_unitree_legged_msgs/lib:${LD_LIBRARY_PATH} PYTHONPATH=/home/dong/ros2_ws/install/ros2_unitree_legged_msgs/local/lib/python3.10/dist-packages:${PYTHONPATH} /usr/bin/cmake --install /home/dong/ros2_ws/build/unitree_legged_real
