[ 50%] [32mBuilding CXX object CMakeFiles/ros2_walk_example.dir/src/ros2_walk_example.cpp.o[0m
[ 50%] [32mBuilding CXX object CMakeFiles/ros2_udp.dir/src/ros2_udp.cpp.o[0m
[ 50%] [32mBuilding CXX object CMakeFiles/ros2_position_example.dir/src/ros2_position_example.cpp.o[0m
In file included from [01m[K/usr/include/boost/smart_ptr/detail/sp_thread_sleep.hpp:22[m[K,
                 from [01m[K/usr/include/boost/smart_ptr/detail/yield_k.hpp:23[m[K,
                 from [01m[K/usr/include/boost/smart_ptr/detail/spinlock_gcc_atomic.hpp:14[m[K,
                 from [01m[K/usr/include/boost/smart_ptr/detail/spinlock.hpp:42[m[K,
                 from [01m[K/usr/include/boost/smart_ptr/detail/spinlock_pool.hpp:25[m[K,
                 from [01m[K/usr/include/boost/smart_ptr/shared_ptr.hpp:29[m[K,
                 from [01m[K/usr/include/boost/shared_ptr.hpp:17[m[K,
                 from [01m[K/home/dong/ros2_ws/src/unitree_ros2_to_real/unitree_legged_sdk/include/unitree_legged_sdk/loop.h:14[m[K,
                 from [01m[K/home/dong/ros2_ws/src/unitree_ros2_to_real/unitree_legged_sdk/include/unitree_legged_sdk/unitree_legged_sdk.h:11[m[K,
                 from [01m[K/home/dong/ros2_ws/src/unitree_ros2_to_real/src/ros2_udp.cpp:6[m[K:
[01m[K/usr/include/boost/bind.hpp:36:1:[m[K [01;36m[Knote: [m[K‘[01m[K#pragma message: The practice of declaring the Bind placeholders (_1, _2, ...) in the global namespace is deprecated. Please use <boost/bind/bind.hpp> + using namespace boost::placeholders, or define BOOST_BIND_GLOBAL_PLACEHOLDERS to retain the current behavior.[m[K’
   36 | [01;36m[KBOOST_PRAGMA_MESSAGE[m[K(
      | [01;36m[K^~~~~~~~~~~~~~~~~~~~[m[K
In file included from [01m[K/home/dong/ros2_ws/src/unitree_ros2_to_real/src/ros2_udp.cpp:7[m[K:
[01m[K/home/dong/ros2_ws/src/unitree_ros2_to_real/include/convert.h:[m[K In function ‘[01m[KUNITREE_LEGGED_SDK::HighCmd rosMsg2Cmd(const SharedPtr&)[m[K’:
[01m[K/home/dong/ros2_ws/src/unitree_ros2_to_real/include/convert.h:44:13:[m[K [01;31m[Kerror: [m[K‘[01m[Kstruct UNITREE_LEGGED_SDK::HighCmd[m[K’ has no member named ‘[01m[Kpostion[m[K’; did you mean ‘[01m[Kposition[m[K’?
   44 |         cmd.[01;31m[Kpostion[m[K[i] = msg->position[i];
      |             [01;31m[K^~~~~~~[m[K
      |             [32m[Kposition[m[K
[01m[K/home/dong/ros2_ws/src/unitree_ros2_to_real/src/ros2_udp.cpp:[m[K At global scope:
[01m[K/home/dong/ros2_ws/src/unitree_ros2_to_real/src/ros2_udp.cpp:22:1:[m[K [01;31m[Kerror: [m[Kexpected unqualified-id before string constant
   22 | [01;31m[K"192.168.12.168"[m[K "wifi"
      | [01;31m[K^~~~~~~~~~~~~~~~[m[K
[01m[K/home/dong/ros2_ws/src/unitree_ros2_to_real/src/ros2_udp.cpp:34:8:[m[K [01;31m[Kerror: [m[Kuse of deleted function ‘[01m[KCustom::Custom()[m[K’
   34 | Custom [01;31m[Kcustom[m[K;
      |        [01;31m[K^~~~~~[m[K
[01m[K/home/dong/ros2_ws/src/unitree_ros2_to_real/src/ros2_udp.cpp:10:7:[m[K [01;36m[Knote: [m[K‘[01m[KCustom::Custom()[m[K’ is implicitly deleted because the default definition would be ill-formed:
   10 | class [01;36m[KCustom[m[K
      |       [01;36m[K^~~~~~[m[K
[01m[K/home/dong/ros2_ws/src/unitree_ros2_to_real/src/ros2_udp.cpp:10:7:[m[K [01;31m[Kerror: [m[Kno matching function for call to ‘[01m[KUNITREE_LEGGED_SDK::UDP::UDP()[m[K’
In file included from [01m[K/home/dong/ros2_ws/src/unitree_ros2_to_real/unitree_legged_sdk/include/unitree_legged_sdk/unitree_legged_sdk.h:10[m[K,
                 from [01m[K/home/dong/ros2_ws/src/unitree_ros2_to_real/src/ros2_udp.cpp:6[m[K:
[01m[K/home/dong/ros2_ws/src/unitree_ros2_to_real/unitree_legged_sdk/include/unitree_legged_sdk/udp.h:46:3:[m[K [01;36m[Knote: [m[Kcandidate: ‘[01m[KUNITREE_LEGGED_SDK::UDP::UDP(uint16_t, int, int, bool, UNITREE_LEGGED_SDK::RecvEnum, bool)[m[K’
   46 |   [01;36m[KUDP[m[K(uint16_t localPort,
      |   [01;36m[K^~~[m[K
[01m[K/home/dong/ros2_ws/src/unitree_ros2_to_real/unitree_legged_sdk/include/unitree_legged_sdk/udp.h:46:3:[m[K [01;36m[Knote: [m[K  candidate expects 6 arguments, 0 provided
[01m[K/home/dong/ros2_ws/src/unitree_ros2_to_real/unitree_legged_sdk/include/unitree_legged_sdk/udp.h:44:3:[m[K [01;36m[Knote: [m[Kcandidate: ‘[01m[KUNITREE_LEGGED_SDK::UDP::UDP(uint16_t, const char*, uint16_t, int, int, bool, UNITREE_LEGGED_SDK::RecvEnum)[m[K’
   44 |   [01;36m[KUDP[m[K(uint16_t localPort, const char* targetIP, uint16_t targetPort,
      |   [01;36m[K^~~[m[K
[01m[K/home/dong/ros2_ws/src/unitree_ros2_to_real/unitree_legged_sdk/include/unitree_legged_sdk/udp.h:44:3:[m[K [01;36m[Knote: [m[K  candidate expects 7 arguments, 0 provided
In file included from [01m[K/home/dong/ros2_ws/src/unitree_ros2_to_real/unitree_legged_sdk/include/unitree_legged_sdk/unitree_legged_sdk.h:10[m[K,
                 from [01m[K/home/dong/ros2_ws/src/unitree_ros2_to_real/src/ros2_udp.cpp:6[m[K:
[01m[K/home/dong/ros2_ws/src/unitree_ros2_to_real/unitree_legged_sdk/include/unitree_legged_sdk/udp.h:43:3:[m[K [01;36m[Knote: [m[Kcandidate: ‘[01m[KUNITREE_LEGGED_SDK::UDP::UDP(uint8_t, uint16_t, const char*, uint16_t)[m[K’
   43 |   [01;36m[KUDP[m[K(uint8_t level, uint16_t localPort, const char* targetIP, uint16_t targetPort);  // udp use dafault length according to level
      |   [01;36m[K^~~[m[K
[01m[K/home/dong/ros2_ws/src/unitree_ros2_to_real/unitree_legged_sdk/include/unitree_legged_sdk/udp.h:43:3:[m[K [01;36m[Knote: [m[K  candidate expects 4 arguments, 0 provided
[01m[K/home/dong/ros2_ws/src/unitree_ros2_to_real/unitree_legged_sdk/include/unitree_legged_sdk/udp.h:41:7:[m[K [01;36m[Knote: [m[Kcandidate: ‘[01m[Kconstexpr UNITREE_LEGGED_SDK::UDP::UDP(const UNITREE_LEGGED_SDK::UDP&)[m[K’
   41 | class [01;36m[KUDP[m[K {
      |       [01;36m[K^~~[m[K
[01m[K/home/dong/ros2_ws/src/unitree_ros2_to_real/unitree_legged_sdk/include/unitree_legged_sdk/udp.h:41:7:[m[K [01;36m[Knote: [m[K  candidate expects 1 argument, 0 provided
[01m[K/home/dong/ros2_ws/src/unitree_ros2_to_real/src/ros2_udp.cpp:10:7:[m[K [01;31m[Kerror: [m[Kno matching function for call to ‘[01m[KUNITREE_LEGGED_SDK::UDP::UDP()[m[K’
   10 | class [01;31m[KCustom[m[K
      |       [01;31m[K^~~~~~[m[K
In file included from [01m[K/home/dong/ros2_ws/src/unitree_ros2_to_real/unitree_legged_sdk/include/unitree_legged_sdk/unitree_legged_sdk.h:10[m[K,
                 from [01m[K/home/dong/ros2_ws/src/unitree_ros2_to_real/src/ros2_udp.cpp:6[m[K:
[01m[K/home/dong/ros2_ws/src/unitree_ros2_to_real/unitree_legged_sdk/include/unitree_legged_sdk/udp.h:46:3:[m[K [01;36m[Knote: [m[Kcandidate: ‘[01m[KUNITREE_LEGGED_SDK::UDP::UDP(uint16_t, int, int, bool, UNITREE_LEGGED_SDK::RecvEnum, bool)[m[K’
   46 |   [01;36m[KUDP[m[K(uint16_t localPort,
      |   [01;36m[K^~~[m[K
[01m[K/home/dong/ros2_ws/src/unitree_ros2_to_real/unitree_legged_sdk/include/unitree_legged_sdk/udp.h:46:3:[m[K [01;36m[Knote: [m[K  candidate expects 6 arguments, 0 provided
[01m[K/home/dong/ros2_ws/src/unitree_ros2_to_real/unitree_legged_sdk/include/unitree_legged_sdk/udp.h:44:3:[m[K [01;36m[Knote: [m[Kcandidate: ‘[01m[KUNITREE_LEGGED_SDK::UDP::UDP(uint16_t, const char*, uint16_t, int, int, bool, UNITREE_LEGGED_SDK::RecvEnum)[m[K’
   44 |   [01;36m[KUDP[m[K(uint16_t localPort, const char* targetIP, uint16_t targetPort,
      |   [01;36m[K^~~[m[K
[01m[K/home/dong/ros2_ws/src/unitree_ros2_to_real/unitree_legged_sdk/include/unitree_legged_sdk/udp.h:44:3:[m[K [01;36m[Knote: [m[K  candidate expects 7 arguments, 0 provided
In file included from [01m[K/home/dong/ros2_ws/src/unitree_ros2_to_real/unitree_legged_sdk/include/unitree_legged_sdk/unitree_legged_sdk.h:10[m[K,
                 from [01m[K/home/dong/ros2_ws/src/unitree_ros2_to_real/src/ros2_udp.cpp:6[m[K:
[01m[K/home/dong/ros2_ws/src/unitree_ros2_to_real/unitree_legged_sdk/include/unitree_legged_sdk/udp.h:43:3:[m[K [01;36m[Knote: [m[Kcandidate: ‘[01m[KUNITREE_LEGGED_SDK::UDP::UDP(uint8_t, uint16_t, const char*, uint16_t)[m[K’
   43 |   [01;36m[KUDP[m[K(uint8_t level, uint16_t localPort, const char* targetIP, uint16_t targetPort);  // udp use dafault length according to level
      |   [01;36m[K^~~[m[K
[01m[K/home/dong/ros2_ws/src/unitree_ros2_to_real/unitree_legged_sdk/include/unitree_legged_sdk/udp.h:43:3:[m[K [01;36m[Knote: [m[K  candidate expects 4 arguments, 0 provided
[01m[K/home/dong/ros2_ws/src/unitree_ros2_to_real/unitree_legged_sdk/include/unitree_legged_sdk/udp.h:41:7:[m[K [01;36m[Knote: [m[Kcandidate: ‘[01m[Kconstexpr UNITREE_LEGGED_SDK::UDP::UDP(const UNITREE_LEGGED_SDK::UDP&)[m[K’
   41 | class [01;36m[KUDP[m[K {
      |       [01;36m[K^~~[m[K
[01m[K/home/dong/ros2_ws/src/unitree_ros2_to_real/unitree_legged_sdk/include/unitree_legged_sdk/udp.h:41:7:[m[K [01;36m[Knote: [m[K  candidate expects 1 argument, 0 provided
In file included from [01m[K/usr/include/boost/smart_ptr/detail/sp_thread_sleep.hpp:22[m[K,
                 from [01m[K/usr/include/boost/smart_ptr/detail/yield_k.hpp:23[m[K,
                 from [01m[K/usr/include/boost/smart_ptr/detail/spinlock_gcc_atomic.hpp:14[m[K,
                 from [01m[K/usr/include/boost/smart_ptr/detail/spinlock.hpp:42[m[K,
                 from [01m[K/usr/include/boost/smart_ptr/detail/spinlock_pool.hpp:25[m[K,
                 from [01m[K/usr/include/boost/smart_ptr/shared_ptr.hpp:29[m[K,
                 from [01m[K/usr/include/boost/shared_ptr.hpp:17[m[K,
                 from [01m[K/home/dong/ros2_ws/src/unitree_ros2_to_real/unitree_legged_sdk/include/unitree_legged_sdk/loop.h:14[m[K,
                 from [01m[K/home/dong/ros2_ws/src/unitree_ros2_to_real/unitree_legged_sdk/include/unitree_legged_sdk/unitree_legged_sdk.h:11[m[K,
                 from [01m[K/home/dong/ros2_ws/src/unitree_ros2_to_real/src/ros2_position_example.cpp:6[m[K:
[01m[K/usr/include/boost/bind.hpp:36:1:[m[K [01;36m[Knote: [m[K‘[01m[K#pragma message: The practice of declaring the Bind placeholders (_1, _2, ...) in the global namespace is deprecated. Please use <boost/bind/bind.hpp> + using namespace boost::placeholders, or define BOOST_BIND_GLOBAL_PLACEHOLDERS to retain the current behavior.[m[K’
   36 | [01;36m[KBOOST_PRAGMA_MESSAGE[m[K(
      | [01;36m[K^~~~~~~~~~~~~~~~~~~~[m[K
In file included from [01m[K/home/dong/ros2_ws/src/unitree_ros2_to_real/src/ros2_position_example.cpp:7[m[K:
[01m[K/home/dong/ros2_ws/src/unitree_ros2_to_real/include/convert.h:[m[K In function ‘[01m[KUNITREE_LEGGED_SDK::HighCmd rosMsg2Cmd(const SharedPtr&)[m[K’:
[01m[K/home/dong/ros2_ws/src/unitree_ros2_to_real/include/convert.h:44:13:[m[K [01;31m[Kerror: [m[K‘[01m[Kstruct UNITREE_LEGGED_SDK::HighCmd[m[K’ has no member named ‘[01m[Kpostion[m[K’; did you mean ‘[01m[Kposition[m[K’?
   44 |         cmd.[01;31m[Kpostion[m[K[i] = msg->position[i];
      |             [01;31m[K^~~~~~~[m[K
      |             [32m[Kposition[m[K
In file included from [01m[K/usr/include/boost/smart_ptr/detail/sp_thread_sleep.hpp:22[m[K,
                 from [01m[K/usr/include/boost/smart_ptr/detail/yield_k.hpp:23[m[K,
                 from [01m[K/usr/include/boost/smart_ptr/detail/spinlock_gcc_atomic.hpp:14[m[K,
                 from [01m[K/usr/include/boost/smart_ptr/detail/spinlock.hpp:42[m[K,
                 from [01m[K/usr/include/boost/smart_ptr/detail/spinlock_pool.hpp:25[m[K,
                 from [01m[K/usr/include/boost/smart_ptr/shared_ptr.hpp:29[m[K,
                 from [01m[K/usr/include/boost/shared_ptr.hpp:17[m[K,
                 from [01m[K/home/dong/ros2_ws/src/unitree_ros2_to_real/unitree_legged_sdk/include/unitree_legged_sdk/loop.h:14[m[K,
                 from [01m[K/home/dong/ros2_ws/src/unitree_ros2_to_real/unitree_legged_sdk/include/unitree_legged_sdk/unitree_legged_sdk.h:11[m[K,
                 from [01m[K/home/dong/ros2_ws/src/unitree_ros2_to_real/src/ros2_walk_example.cpp:6[m[K:
[01m[K/usr/include/boost/bind.hpp:36:1:[m[K [01;36m[Knote: [m[K‘[01m[K#pragma message: The practice of declaring the Bind placeholders (_1, _2, ...) in the global namespace is deprecated. Please use <boost/bind/bind.hpp> + using namespace boost::placeholders, or define BOOST_BIND_GLOBAL_PLACEHOLDERS to retain the current behavior.[m[K’
   36 | [01;36m[KBOOST_PRAGMA_MESSAGE[m[K(
      | [01;36m[K^~~~~~~~~~~~~~~~~~~~[m[K
In file included from [01m[K/home/dong/ros2_ws/src/unitree_ros2_to_real/src/ros2_walk_example.cpp:7[m[K:
[01m[K/home/dong/ros2_ws/src/unitree_ros2_to_real/include/convert.h:[m[K In function ‘[01m[KUNITREE_LEGGED_SDK::HighCmd rosMsg2Cmd(const SharedPtr&)[m[K’:
[01m[K/home/dong/ros2_ws/src/unitree_ros2_to_real/include/convert.h:44:13:[m[K [01;31m[Kerror: [m[K‘[01m[Kstruct UNITREE_LEGGED_SDK::HighCmd[m[K’ has no member named ‘[01m[Kpostion[m[K’; did you mean ‘[01m[Kposition[m[K’?
   44 |         cmd.[01;31m[Kpostion[m[K[i] = msg->position[i];
      |             [01;31m[K^~~~~~~[m[K
      |             [32m[Kposition[m[K
gmake[2]: *** [CMakeFiles/ros2_position_example.dir/build.make:76: CMakeFiles/ros2_position_example.dir/src/ros2_position_example.cpp.o] 오류 1
gmake[1]: *** [CMakeFiles/Makefile2:193: CMakeFiles/ros2_position_example.dir/all] 오류 2
gmake[1]: *** 끝나지 않은 작업을 기다리고 있습니다....
gmake[2]: *** [CMakeFiles/ros2_walk_example.dir/build.make:76: CMakeFiles/ros2_walk_example.dir/src/ros2_walk_example.cpp.o] 오류 1
gmake[1]: *** [CMakeFiles/Makefile2:167: CMakeFiles/ros2_walk_example.dir/all] 오류 2
gmake[2]: *** [CMakeFiles/ros2_udp.dir/build.make:76: CMakeFiles/ros2_udp.dir/src/ros2_udp.cpp.o] 오류 1
gmake[1]: *** [CMakeFiles/Makefile2:141: CMakeFiles/ros2_udp.dir/all] 오류 2
gmake: *** [Makefile:146: all] 오류 2
