[0m-- CMAKE_SYSTEM_PROCESSOR: x86_64[0m
In file included from [01m[K/usr/include/boost/smart_ptr/detail/sp_thread_sleep.hpp:22[m[K,
                 from [01m[K/usr/include/boost/smart_ptr/detail/yield_k.hpp:23[m[K,
                 from [01m[K/usr/include/boost/smart_ptr/detail/spinlock_gcc_atomic.hpp:14[m[K,
                 from [01m[K/usr/include/boost/smart_ptr/detail/spinlock.hpp:42[m[K,
                 from [01m[K/usr/include/boost/smart_ptr/detail/spinlock_pool.hpp:25[m[K,
                 from [01m[K/usr/include/boost/smart_ptr/shared_ptr.hpp:29[m[K,
                 from [01m[K/usr/include/boost/shared_ptr.hpp:17[m[K,
                 from [01m[K/home/dong/ros2_ws/src/unitree_ros2_to_real/unitree_legged_sdk/include/unitree_legged_sdk/loop.h:14[m[K,
                 from [01m[K/home/dong/ros2_ws/src/unitree_ros2_to_real/unitree_legged_sdk/include/unitree_legged_sdk/unitree_legged_sdk.h:11[m[K,
                 from [01m[K/home/dong/ros2_ws/src/unitree_ros2_to_real/src/ros2_position_example.cpp:6[m[K:
[01m[K/usr/include/boost/bind.hpp:36:1:[m[K [01;36m[Knote: [m[K‘[01m[K#pragma message: The practice of declaring the Bind placeholders (_1, _2, ...) in the global namespace is deprecated. Please use <boost/bind/bind.hpp> + using namespace boost::placeholders, or define BOOST_BIND_GLOBAL_PLACEHOLDERS to retain the current behavior.[m[K’
   36 | [01;36m[KBOOST_PRAGMA_MESSAGE[m[K(
      | [01;36m[K^~~~~~~~~~~~~~~~~~~~[m[K
In file included from [01m[K/usr/include/boost/smart_ptr/detail/sp_thread_sleep.hpp:22[m[K,
                 from [01m[K/usr/include/boost/smart_ptr/detail/yield_k.hpp:23[m[K,
                 from [01m[K/usr/include/boost/smart_ptr/detail/spinlock_gcc_atomic.hpp:14[m[K,
                 from [01m[K/usr/include/boost/smart_ptr/detail/spinlock.hpp:42[m[K,
                 from [01m[K/usr/include/boost/smart_ptr/detail/spinlock_pool.hpp:25[m[K,
                 from [01m[K/usr/include/boost/smart_ptr/shared_ptr.hpp:29[m[K,
                 from [01m[K/usr/include/boost/shared_ptr.hpp:17[m[K,
                 from [01m[K/home/dong/ros2_ws/src/unitree_ros2_to_real/unitree_legged_sdk/include/unitree_legged_sdk/loop.h:14[m[K,
                 from [01m[K/home/dong/ros2_ws/src/unitree_ros2_to_real/unitree_legged_sdk/include/unitree_legged_sdk/unitree_legged_sdk.h:11[m[K,
                 from [01m[K/home/dong/ros2_ws/src/unitree_ros2_to_real/src/ros2_walk_example.cpp:6[m[K:
[01m[K/usr/include/boost/bind.hpp:36:1:[m[K [01;36m[Knote: [m[K‘[01m[K#pragma message: The practice of declaring the Bind placeholders (_1, _2, ...) in the global namespace is deprecated. Please use <boost/bind/bind.hpp> + using namespace boost::placeholders, or define BOOST_BIND_GLOBAL_PLACEHOLDERS to retain the current behavior.[m[K’
   36 | [01;36m[KBOOST_PRAGMA_MESSAGE[m[K(
      | [01;36m[K^~~~~~~~~~~~~~~~~~~~[m[K
In file included from [01m[K/usr/include/boost/smart_ptr/detail/sp_thread_sleep.hpp:22[m[K,
                 from [01m[K/usr/include/boost/smart_ptr/detail/yield_k.hpp:23[m[K,
                 from [01m[K/usr/include/boost/smart_ptr/detail/spinlock_gcc_atomic.hpp:14[m[K,
                 from [01m[K/usr/include/boost/smart_ptr/detail/spinlock.hpp:42[m[K,
                 from [01m[K/usr/include/boost/smart_ptr/detail/spinlock_pool.hpp:25[m[K,
                 from [01m[K/usr/include/boost/smart_ptr/shared_ptr.hpp:29[m[K,
                 from [01m[K/usr/include/boost/shared_ptr.hpp:17[m[K,
                 from [01m[K/home/dong/ros2_ws/src/unitree_ros2_to_real/unitree_legged_sdk/include/unitree_legged_sdk/loop.h:14[m[K,
                 from [01m[K/home/dong/ros2_ws/src/unitree_ros2_to_real/unitree_legged_sdk/include/unitree_legged_sdk/unitree_legged_sdk.h:11[m[K,
                 from [01m[K/home/dong/ros2_ws/src/unitree_ros2_to_real/src/ros2_udp.cpp:6[m[K:
[01m[K/usr/include/boost/bind.hpp:36:1:[m[K [01;36m[Knote: [m[K‘[01m[K#pragma message: The practice of declaring the Bind placeholders (_1, _2, ...) in the global namespace is deprecated. Please use <boost/bind/bind.hpp> + using namespace boost::placeholders, or define BOOST_BIND_GLOBAL_PLACEHOLDERS to retain the current behavior.[m[K’
   36 | [01;36m[KBOOST_PRAGMA_MESSAGE[m[K(
      | [01;36m[K^~~~~~~~~~~~~~~~~~~~[m[K
In file included from [01m[K/home/dong/ros2_ws/src/unitree_ros2_to_real/src/ros2_position_example.cpp:7[m[K:
[01m[K/home/dong/ros2_ws/src/unitree_ros2_to_real/include/convert.h:[m[K In function ‘[01m[KUNITREE_LEGGED_SDK::HighCmd rosMsg2Cmd(const SharedPtr&)[m[K’:
[01m[K/home/dong/ros2_ws/src/unitree_ros2_to_real/include/convert.h:44:13:[m[K [01;31m[Kerror: [m[K‘[01m[Kstruct UNITREE_LEGGED_SDK::HighCmd[m[K’ has no member named ‘[01m[Kposition[m[K’; did you mean ‘[01m[Kpostion[m[K’?
   44 |         cmd.[01;31m[Kposition[m[K[i] = msg->position[i];
      |             [01;31m[K^~~~~~~~[m[K
      |             [32m[Kpostion[m[K
In file included from [01m[K/home/dong/ros2_ws/src/unitree_ros2_to_real/src/ros2_walk_example.cpp:7[m[K:
[01m[K/home/dong/ros2_ws/src/unitree_ros2_to_real/include/convert.h:[m[K In function ‘[01m[KUNITREE_LEGGED_SDK::HighCmd rosMsg2Cmd(const SharedPtr&)[m[K’:
[01m[K/home/dong/ros2_ws/src/unitree_ros2_to_real/include/convert.h:44:13:[m[K [01;31m[Kerror: [m[K‘[01m[Kstruct UNITREE_LEGGED_SDK::HighCmd[m[K’ has no member named ‘[01m[Kposition[m[K’; did you mean ‘[01m[Kpostion[m[K’?
   44 |         cmd.[01;31m[Kposition[m[K[i] = msg->position[i];
      |             [01;31m[K^~~~~~~~[m[K
      |             [32m[Kpostion[m[K
In file included from [01m[K/home/dong/ros2_ws/src/unitree_ros2_to_real/src/ros2_udp.cpp:7[m[K:
[01m[K/home/dong/ros2_ws/src/unitree_ros2_to_real/include/convert.h:[m[K In function ‘[01m[KUNITREE_LEGGED_SDK::HighCmd rosMsg2Cmd(const SharedPtr&)[m[K’:
[01m[K/home/dong/ros2_ws/src/unitree_ros2_to_real/include/convert.h:44:13:[m[K [01;31m[Kerror: [m[K‘[01m[Kstruct UNITREE_LEGGED_SDK::HighCmd[m[K’ has no member named ‘[01m[Kposition[m[K’; did you mean ‘[01m[Kpostion[m[K’?
   44 |         cmd.[01;31m[Kposition[m[K[i] = msg->position[i];
      |             [01;31m[K^~~~~~~~[m[K
      |             [32m[Kpostion[m[K
gmake[2]: *** [CMakeFiles/ros2_position_example.dir/build.make:76: CMakeFiles/ros2_position_example.dir/src/ros2_position_example.cpp.o] 오류 1
gmake[1]: *** [CMakeFiles/Makefile2:193: CMakeFiles/ros2_position_example.dir/all] 오류 2
gmake[1]: *** 끝나지 않은 작업을 기다리고 있습니다....
gmake[2]: *** [CMakeFiles/ros2_walk_example.dir/build.make:76: CMakeFiles/ros2_walk_example.dir/src/ros2_walk_example.cpp.o] 오류 1
gmake[1]: *** [CMakeFiles/Makefile2:167: CMakeFiles/ros2_walk_example.dir/all] 오류 2
gmake[2]: *** [CMakeFiles/ros2_udp.dir/build.make:76: CMakeFiles/ros2_udp.dir/src/ros2_udp.cpp.o] 오류 1
gmake[1]: *** [CMakeFiles/Makefile2:141: CMakeFiles/ros2_udp.dir/all] 오류 2
gmake: *** [Makefile:146: all] 오류 2
