[0.048s] Invoking command in '/home/dong/ros2_ws/build/unitree_legged_real': CMAKE_PREFIX_PATH=/home/dong/ros2_ws/install/ros2_unitree_legged_msgs:/home/dong/ros2_ws/install/unitree_legged_real:/opt/ros/humble LD_LIBRARY_PATH=/home/dong/ros2_ws/install/ros2_unitree_legged_msgs/lib:/home/dong/ros2_ws/install/unitree_legged_real/lib:/opt/ros/humble/opt/rviz_ogre_vendor/lib:/opt/ros/humble/lib/x86_64-linux-gnu:/opt/ros/humble/lib /usr/bin/cmake --build /home/dong/ros2_ws/build/unitree_legged_real -- -j8 -l8
[0.077s] [35m[1mConsolidate compiler generated dependencies of target ros2_position_example[0m
[0.077s] [35m[1mConsolidate compiler generated dependencies of target ros2_walk_example[0m
[0.077s] [35m[1mConsolidate compiler generated dependencies of target ros2_udp[0m
[0.090s] [ 50%] [32m[1mLinking CXX executable ros2_position_example[0m
[0.091s] [ 50%] [32m[1mLinking CXX executable ros2_walk_example[0m
[0.091s] [ 50%] [32mBuilding CXX object CMakeFiles/ros2_udp.dir/src/ros2_udp.cpp.o[0m
[0.101s] /usr/bin/ld: cannot find -lunitree_legged_sdk_amd64: /usr/bin/ld: cannot find -lunitree_legged_sdk_amd64: 그런 파일이나 디렉터리가 없습니다
[0.101s] 그런 파일이나 디렉터리가 없습니다
[0.130s] collect2: error: ld returned 1 exit status
[0.130s] collect2: error: ld returned 1 exit status
[0.131s] gmake[2]: *** [CMakeFiles/ros2_walk_example.dir/build.make:159: ros2_walk_example] 오류 1
[0.131s] gmake[2]: *** [CMakeFiles/ros2_position_example.dir/build.make:159: ros2_position_example] 오류 1
[0.131s] gmake[1]: *** [CMakeFiles/Makefile2:167: CMakeFiles/ros2_walk_example.dir/all] 오류 2
[0.131s] gmake[1]: *** 끝나지 않은 작업을 기다리고 있습니다....
[0.131s] gmake[1]: *** [CMakeFiles/Makefile2:193: CMakeFiles/ros2_position_example.dir/all] 오류 2
[1.794s] In file included from [01m[K/usr/include/boost/smart_ptr/detail/sp_thread_sleep.hpp:22[m[K,
[1.795s]                  from [01m[K/usr/include/boost/smart_ptr/detail/yield_k.hpp:23[m[K,
[1.795s]                  from [01m[K/usr/include/boost/smart_ptr/detail/spinlock_gcc_atomic.hpp:14[m[K,
[1.795s]                  from [01m[K/usr/include/boost/smart_ptr/detail/spinlock.hpp:42[m[K,
[1.795s]                  from [01m[K/usr/include/boost/smart_ptr/detail/spinlock_pool.hpp:25[m[K,
[1.795s]                  from [01m[K/usr/include/boost/smart_ptr/shared_ptr.hpp:29[m[K,
[1.795s]                  from [01m[K/usr/include/boost/shared_ptr.hpp:17[m[K,
[1.795s]                  from [01m[K/home/dong/ros2_ws/src/unitree_ros2_to_real/unitree_legged_sdk/include/unitree_legged_sdk/loop.h:14[m[K,
[1.795s]                  from [01m[K/home/dong/ros2_ws/src/unitree_ros2_to_real/unitree_legged_sdk/include/unitree_legged_sdk/unitree_legged_sdk.h:11[m[K,
[1.795s]                  from [01m[K/home/dong/ros2_ws/src/unitree_ros2_to_real/src/ros2_udp.cpp:6[m[K:
[1.795s] [01m[K/usr/include/boost/bind.hpp:36:1:[m[K [01;36m[Knote: [m[K‘[01m[K#pragma message: The practice of declaring the Bind placeholders (_1, _2, ...) in the global namespace is deprecated. Please use <boost/bind/bind.hpp> + using namespace boost::placeholders, or define BOOST_BIND_GLOBAL_PLACEHOLDERS to retain the current behavior.[m[K’
[1.795s]    36 | [01;36m[KBOOST_PRAGMA_MESSAGE[m[K(
[1.795s]       | [01;36m[K^~~~~~~~~~~~~~~~~~~~[m[K
[1.802s] [01m[K/home/dong/ros2_ws/src/unitree_ros2_to_real/src/ros2_udp.cpp:[m[K In constructor ‘[01m[KCustom::Custom()[m[K’:
[1.802s] [01m[K/home/dong/ros2_ws/src/unitree_ros2_to_real/src/ros2_udp.cpp:31:86:[m[K [01;31m[Kerror: [m[Kno matching function for call to ‘[01m[KUNITREE_LEGGED_SDK::UDP::UDP()[m[K’
[1.802s]    31 |           high_udp(8090, "192.168.123.161" , 8082, sizeof(HighCmd), sizeof(HighState)[01;31m[K)[m[K
[1.802s]       |                                                                                      [01;31m[K^[m[K
[1.802s] In file included from [01m[K/home/dong/ros2_ws/src/unitree_ros2_to_real/unitree_legged_sdk/include/unitree_legged_sdk/unitree_legged_sdk.h:10[m[K,
[1.802s]                  from [01m[K/home/dong/ros2_ws/src/unitree_ros2_to_real/src/ros2_udp.cpp:6[m[K:
[1.802s] [01m[K/home/dong/ros2_ws/src/unitree_ros2_to_real/unitree_legged_sdk/include/unitree_legged_sdk/udp.h:46:3:[m[K [01;36m[Knote: [m[Kcandidate: ‘[01m[KUNITREE_LEGGED_SDK::UDP::UDP(uint16_t, int, int, bool, UNITREE_LEGGED_SDK::RecvEnum, bool)[m[K’
[1.802s]    46 |   [01;36m[KUDP[m[K(uint16_t localPort,
[1.802s]       |   [01;36m[K^~~[m[K
[1.802s] [01m[K/home/dong/ros2_ws/src/unitree_ros2_to_real/unitree_legged_sdk/include/unitree_legged_sdk/udp.h:46:3:[m[K [01;36m[Knote: [m[K  candidate expects 6 arguments, 0 provided
[1.802s] [01m[K/home/dong/ros2_ws/src/unitree_ros2_to_real/unitree_legged_sdk/include/unitree_legged_sdk/udp.h:44:3:[m[K [01;36m[Knote: [m[Kcandidate: ‘[01m[KUNITREE_LEGGED_SDK::UDP::UDP(uint16_t, const char*, uint16_t, int, int, bool, UNITREE_LEGGED_SDK::RecvEnum)[m[K’
[1.802s]    44 |   [01;36m[KUDP[m[K(uint16_t localPort, const char* targetIP, uint16_t targetPort,
[1.802s]       |   [01;36m[K^~~[m[K
[1.802s] [01m[K/home/dong/ros2_ws/src/unitree_ros2_to_real/unitree_legged_sdk/include/unitree_legged_sdk/udp.h:44:3:[m[K [01;36m[Knote: [m[K  candidate expects 7 arguments, 0 provided
[1.802s] In file included from [01m[K/home/dong/ros2_ws/src/unitree_ros2_to_real/unitree_legged_sdk/include/unitree_legged_sdk/unitree_legged_sdk.h:10[m[K,
[1.802s]                  from [01m[K/home/dong/ros2_ws/src/unitree_ros2_to_real/src/ros2_udp.cpp:6[m[K:
[1.802s] [01m[K/home/dong/ros2_ws/src/unitree_ros2_to_real/unitree_legged_sdk/include/unitree_legged_sdk/udp.h:43:3:[m[K [01;36m[Knote: [m[Kcandidate: ‘[01m[KUNITREE_LEGGED_SDK::UDP::UDP(uint8_t, uint16_t, const char*, uint16_t)[m[K’
[1.802s]    43 |   [01;36m[KUDP[m[K(uint8_t level, uint16_t localPort, const char* targetIP, uint16_t targetPort);  // udp use dafault length according to level
[1.802s]       |   [01;36m[K^~~[m[K
[1.802s] [01m[K/home/dong/ros2_ws/src/unitree_ros2_to_real/unitree_legged_sdk/include/unitree_legged_sdk/udp.h:43:3:[m[K [01;36m[Knote: [m[K  candidate expects 4 arguments, 0 provided
[1.802s] [01m[K/home/dong/ros2_ws/src/unitree_ros2_to_real/unitree_legged_sdk/include/unitree_legged_sdk/udp.h:41:7:[m[K [01;36m[Knote: [m[Kcandidate: ‘[01m[Kconstexpr UNITREE_LEGGED_SDK::UDP::UDP(const UNITREE_LEGGED_SDK::UDP&)[m[K’
[1.802s]    41 | class [01;36m[KUDP[m[K {
[1.802s]       |       [01;36m[K^~~[m[K
[1.802s] [01m[K/home/dong/ros2_ws/src/unitree_ros2_to_real/unitree_legged_sdk/include/unitree_legged_sdk/udp.h:41:7:[m[K [01;36m[Knote: [m[K  candidate expects 1 argument, 0 provided
[4.032s] gmake[2]: *** [CMakeFiles/ros2_udp.dir/build.make:76: CMakeFiles/ros2_udp.dir/src/ros2_udp.cpp.o] 오류 1
[4.032s] gmake[1]: *** [CMakeFiles/Makefile2:141: CMakeFiles/ros2_udp.dir/all] 오류 2
[4.032s] gmake: *** [Makefile:146: all] 오류 2
[4.034s] Invoked command in '/home/dong/ros2_ws/build/unitree_legged_real' returned '2': CMAKE_PREFIX_PATH=/home/dong/ros2_ws/install/ros2_unitree_legged_msgs:/home/dong/ros2_ws/install/unitree_legged_real:/opt/ros/humble LD_LIBRARY_PATH=/home/dong/ros2_ws/install/ros2_unitree_legged_msgs/lib:/home/dong/ros2_ws/install/unitree_legged_real/lib:/opt/ros/humble/opt/rviz_ogre_vendor/lib:/opt/ros/humble/lib/x86_64-linux-gnu:/opt/ros/humble/lib /usr/bin/cmake --build /home/dong/ros2_ws/build/unitree_legged_real -- -j8 -l8
