[0.662s] DEBUG:colcon:Command line arguments: ['/usr/bin/colcon', 'build']
[0.662s] DEBUG:colcon:Parsed command line arguments: Namespace(log_base=None, log_level=None, verb_name='build', build_base='build', install_base='install', merge_install=False, symlink_install=False, test_result_base=None, continue_on_error=False, executor='parallel', parallel_workers=8, event_handlers=None, ignore_user_meta=False, metas=['./colcon.meta'], base_paths=['.'], packages_ignore=None, packages_ignore_regex=None, paths=None, packages_up_to=None, packages_up_to_regex=None, packages_above=None, packages_above_and_dependencies=None, packages_above_depth=None, packages_select_by_dep=None, packages_skip_by_dep=None, packages_skip_up_to=None, packages_select_build_failed=False, packages_skip_build_finished=False, packages_select_test_failures=False, packages_skip_test_passed=False, packages_select=None, packages_skip=None, packages_select_regex=None, packages_skip_regex=None, packages_start=None, packages_end=None, allow_overriding=[], cmake_args=None, cmake_target=None, cmake_target_skip_unavailable=False, cmake_clean_cache=False, cmake_clean_first=False, cmake_force_configure=False, ament_cmake_args=None, catkin_cmake_args=None, catkin_skip_building_tests=False, verb_parser=<colcon_defaults.argument_parser.defaults.DefaultArgumentsDecorator object at 0x75b220537c40>, verb_extension=<colcon_core.verb.build.BuildVerb object at 0x75b2208fafe0>, main=<bound method BuildVerb.main of <colcon_core.verb.build.BuildVerb object at 0x75b2208fafe0>>)
[0.700s] Level 1:colcon.colcon_core.package_discovery:discover_packages(colcon_meta) check parameters
[0.700s] Level 1:colcon.colcon_core.package_discovery:discover_packages(recursive) check parameters
[0.700s] Level 1:colcon.colcon_core.package_discovery:discover_packages(ignore) check parameters
[0.700s] Level 1:colcon.colcon_core.package_discovery:discover_packages(path) check parameters
[0.700s] Level 1:colcon.colcon_core.package_discovery:discover_packages(colcon_meta) discover
[0.700s] Level 1:colcon.colcon_core.package_discovery:discover_packages(recursive) discover
[0.700s] INFO:colcon.colcon_core.package_discovery:Crawling recursively for packages in '/home/dong/ros2_ws'
[0.700s] Level 1:colcon.colcon_core.package_identification:_identify(.) by extensions ['ignore', 'ignore_ament_install']
[0.700s] Level 1:colcon.colcon_core.package_identification:_identify(.) by extension 'ignore'
[0.700s] Level 1:colcon.colcon_core.package_identification:_identify(.) by extension 'ignore_ament_install'
[0.700s] Level 1:colcon.colcon_core.package_identification:_identify(.) by extensions ['colcon_pkg']
[0.700s] Level 1:colcon.colcon_core.package_identification:_identify(.) by extension 'colcon_pkg'
[0.700s] Level 1:colcon.colcon_core.package_identification:_identify(.) by extensions ['colcon_meta']
[0.700s] Level 1:colcon.colcon_core.package_identification:_identify(.) by extension 'colcon_meta'
[0.700s] Level 1:colcon.colcon_core.package_identification:_identify(.) by extensions ['ros']
[0.700s] Level 1:colcon.colcon_core.package_identification:_identify(.) by extension 'ros'
[0.717s] Level 1:colcon.colcon_core.package_identification:_identify(.) by extensions ['cmake', 'python']
[0.717s] Level 1:colcon.colcon_core.package_identification:_identify(.) by extension 'cmake'
[0.717s] Level 1:colcon.colcon_core.package_identification:_identify(.) by extension 'python'
[0.717s] Level 1:colcon.colcon_core.package_identification:_identify(.) by extensions ['python_setup_py']
[0.717s] Level 1:colcon.colcon_core.package_identification:_identify(.) by extension 'python_setup_py'
[0.717s] Level 1:colcon.colcon_core.package_identification:_identify(build) by extensions ['ignore', 'ignore_ament_install']
[0.717s] Level 1:colcon.colcon_core.package_identification:_identify(build) by extension 'ignore'
[0.717s] Level 1:colcon.colcon_core.package_identification:_identify(build) ignored
[0.717s] Level 1:colcon.colcon_core.package_identification:_identify(install) by extensions ['ignore', 'ignore_ament_install']
[0.717s] Level 1:colcon.colcon_core.package_identification:_identify(install) by extension 'ignore'
[0.717s] Level 1:colcon.colcon_core.package_identification:_identify(install) ignored
[0.717s] Level 1:colcon.colcon_core.package_identification:_identify(log) by extensions ['ignore', 'ignore_ament_install']
[0.717s] Level 1:colcon.colcon_core.package_identification:_identify(log) by extension 'ignore'
[0.717s] Level 1:colcon.colcon_core.package_identification:_identify(log) ignored
[0.717s] Level 1:colcon.colcon_core.package_identification:_identify(src) by extensions ['ignore', 'ignore_ament_install']
[0.717s] Level 1:colcon.colcon_core.package_identification:_identify(src) by extension 'ignore'
[0.717s] Level 1:colcon.colcon_core.package_identification:_identify(src) by extension 'ignore_ament_install'
[0.717s] Level 1:colcon.colcon_core.package_identification:_identify(src) by extensions ['colcon_pkg']
[0.717s] Level 1:colcon.colcon_core.package_identification:_identify(src) by extension 'colcon_pkg'
[0.717s] Level 1:colcon.colcon_core.package_identification:_identify(src) by extensions ['colcon_meta']
[0.717s] Level 1:colcon.colcon_core.package_identification:_identify(src) by extension 'colcon_meta'
[0.718s] Level 1:colcon.colcon_core.package_identification:_identify(src) by extensions ['ros']
[0.718s] Level 1:colcon.colcon_core.package_identification:_identify(src) by extension 'ros'
[0.718s] Level 1:colcon.colcon_core.package_identification:_identify(src) by extensions ['cmake', 'python']
[0.718s] Level 1:colcon.colcon_core.package_identification:_identify(src) by extension 'cmake'
[0.718s] Level 1:colcon.colcon_core.package_identification:_identify(src) by extension 'python'
[0.718s] Level 1:colcon.colcon_core.package_identification:_identify(src) by extensions ['python_setup_py']
[0.718s] Level 1:colcon.colcon_core.package_identification:_identify(src) by extension 'python_setup_py'
[0.718s] Level 1:colcon.colcon_core.package_identification:_identify(src/ros2_unitree_legged_msgs) by extensions ['ignore', 'ignore_ament_install']
[0.718s] Level 1:colcon.colcon_core.package_identification:_identify(src/ros2_unitree_legged_msgs) by extension 'ignore'
[0.718s] Level 1:colcon.colcon_core.package_identification:_identify(src/ros2_unitree_legged_msgs) by extension 'ignore_ament_install'
[0.718s] Level 1:colcon.colcon_core.package_identification:_identify(src/ros2_unitree_legged_msgs) by extensions ['colcon_pkg']
[0.718s] Level 1:colcon.colcon_core.package_identification:_identify(src/ros2_unitree_legged_msgs) by extension 'colcon_pkg'
[0.718s] Level 1:colcon.colcon_core.package_identification:_identify(src/ros2_unitree_legged_msgs) by extensions ['colcon_meta']
[0.718s] Level 1:colcon.colcon_core.package_identification:_identify(src/ros2_unitree_legged_msgs) by extension 'colcon_meta'
[0.718s] Level 1:colcon.colcon_core.package_identification:_identify(src/ros2_unitree_legged_msgs) by extensions ['ros']
[0.718s] Level 1:colcon.colcon_core.package_identification:_identify(src/ros2_unitree_legged_msgs) by extension 'ros'
[0.719s] DEBUG:colcon.colcon_core.package_identification:Package 'src/ros2_unitree_legged_msgs' with type 'ros.ament_cmake' and name 'ros2_unitree_legged_msgs'
[0.720s] Level 1:colcon.colcon_core.package_identification:_identify(src/unitree_ros2_to_real) by extensions ['ignore', 'ignore_ament_install']
[0.720s] Level 1:colcon.colcon_core.package_identification:_identify(src/unitree_ros2_to_real) by extension 'ignore'
[0.720s] Level 1:colcon.colcon_core.package_identification:_identify(src/unitree_ros2_to_real) by extension 'ignore_ament_install'
[0.720s] Level 1:colcon.colcon_core.package_identification:_identify(src/unitree_ros2_to_real) by extensions ['colcon_pkg']
[0.720s] Level 1:colcon.colcon_core.package_identification:_identify(src/unitree_ros2_to_real) by extension 'colcon_pkg'
[0.720s] Level 1:colcon.colcon_core.package_identification:_identify(src/unitree_ros2_to_real) by extensions ['colcon_meta']
[0.720s] Level 1:colcon.colcon_core.package_identification:_identify(src/unitree_ros2_to_real) by extension 'colcon_meta'
[0.720s] Level 1:colcon.colcon_core.package_identification:_identify(src/unitree_ros2_to_real) by extensions ['ros']
[0.720s] Level 1:colcon.colcon_core.package_identification:_identify(src/unitree_ros2_to_real) by extension 'ros'
[0.720s] DEBUG:colcon.colcon_core.package_identification:Package 'src/unitree_ros2_to_real' with type 'ros.ament_cmake' and name 'unitree_legged_real'
[0.720s] Level 1:colcon.colcon_core.package_discovery:discover_packages(recursive) using defaults
[0.720s] Level 1:colcon.colcon_core.package_discovery:discover_packages(ignore) discover
[0.720s] Level 1:colcon.colcon_core.package_discovery:discover_packages(ignore) using defaults
[0.720s] Level 1:colcon.colcon_core.package_discovery:discover_packages(path) discover
[0.720s] Level 1:colcon.colcon_core.package_discovery:discover_packages(path) using defaults
[0.783s] Level 1:colcon.colcon_core.package_discovery:discover_packages(prefix_path) check parameters
[0.783s] Level 1:colcon.colcon_core.package_discovery:discover_packages(prefix_path) discover
[0.806s] DEBUG:colcon.colcon_installed_package_information.package_discovery:Found 420 installed packages in /opt/ros/humble
[0.808s] Level 1:colcon.colcon_core.package_discovery:discover_packages(prefix_path) using defaults
[0.876s] Level 5:colcon.colcon_core.verb:set package 'ros2_unitree_legged_msgs' build argument 'cmake_args' from command line to 'None'
[0.876s] Level 5:colcon.colcon_core.verb:set package 'ros2_unitree_legged_msgs' build argument 'cmake_target' from command line to 'None'
[0.876s] Level 5:colcon.colcon_core.verb:set package 'ros2_unitree_legged_msgs' build argument 'cmake_target_skip_unavailable' from command line to 'False'
[0.876s] Level 5:colcon.colcon_core.verb:set package 'ros2_unitree_legged_msgs' build argument 'cmake_clean_cache' from command line to 'False'
[0.876s] Level 5:colcon.colcon_core.verb:set package 'ros2_unitree_legged_msgs' build argument 'cmake_clean_first' from command line to 'False'
[0.876s] Level 5:colcon.colcon_core.verb:set package 'ros2_unitree_legged_msgs' build argument 'cmake_force_configure' from command line to 'False'
[0.876s] Level 5:colcon.colcon_core.verb:set package 'ros2_unitree_legged_msgs' build argument 'ament_cmake_args' from command line to 'None'
[0.876s] Level 5:colcon.colcon_core.verb:set package 'ros2_unitree_legged_msgs' build argument 'catkin_cmake_args' from command line to 'None'
[0.876s] Level 5:colcon.colcon_core.verb:set package 'ros2_unitree_legged_msgs' build argument 'catkin_skip_building_tests' from command line to 'False'
[0.876s] DEBUG:colcon.colcon_core.verb:Building package 'ros2_unitree_legged_msgs' with the following arguments: {'ament_cmake_args': None, 'build_base': '/home/dong/ros2_ws/build/ros2_unitree_legged_msgs', 'catkin_cmake_args': None, 'catkin_skip_building_tests': False, 'cmake_args': None, 'cmake_clean_cache': False, 'cmake_clean_first': False, 'cmake_force_configure': False, 'cmake_target': None, 'cmake_target_skip_unavailable': False, 'install_base': '/home/dong/ros2_ws/install/ros2_unitree_legged_msgs', 'merge_install': False, 'path': '/home/dong/ros2_ws/src/ros2_unitree_legged_msgs', 'symlink_install': False, 'test_result_base': None}
[0.886s] Level 5:colcon.colcon_core.verb:set package 'unitree_legged_real' build argument 'cmake_args' from command line to 'None'
[0.886s] Level 5:colcon.colcon_core.verb:set package 'unitree_legged_real' build argument 'cmake_target' from command line to 'None'
[0.886s] Level 5:colcon.colcon_core.verb:set package 'unitree_legged_real' build argument 'cmake_target_skip_unavailable' from command line to 'False'
[0.886s] Level 5:colcon.colcon_core.verb:set package 'unitree_legged_real' build argument 'cmake_clean_cache' from command line to 'False'
[0.886s] Level 5:colcon.colcon_core.verb:set package 'unitree_legged_real' build argument 'cmake_clean_first' from command line to 'False'
[0.886s] Level 5:colcon.colcon_core.verb:set package 'unitree_legged_real' build argument 'cmake_force_configure' from command line to 'False'
[0.886s] Level 5:colcon.colcon_core.verb:set package 'unitree_legged_real' build argument 'ament_cmake_args' from command line to 'None'
[0.886s] Level 5:colcon.colcon_core.verb:set package 'unitree_legged_real' build argument 'catkin_cmake_args' from command line to 'None'
[0.886s] Level 5:colcon.colcon_core.verb:set package 'unitree_legged_real' build argument 'catkin_skip_building_tests' from command line to 'False'
[0.886s] DEBUG:colcon.colcon_core.verb:Building package 'unitree_legged_real' with the following arguments: {'ament_cmake_args': None, 'build_base': '/home/dong/ros2_ws/build/unitree_legged_real', 'catkin_cmake_args': None, 'catkin_skip_building_tests': False, 'cmake_args': None, 'cmake_clean_cache': False, 'cmake_clean_first': False, 'cmake_force_configure': False, 'cmake_target': None, 'cmake_target_skip_unavailable': False, 'install_base': '/home/dong/ros2_ws/install/unitree_legged_real', 'merge_install': False, 'path': '/home/dong/ros2_ws/src/unitree_ros2_to_real', 'symlink_install': False, 'test_result_base': None}
[0.896s] INFO:colcon.colcon_core.executor:Executing jobs using 'parallel' executor
[0.907s] DEBUG:colcon.colcon_parallel_executor.executor.parallel:run_until_complete
[0.907s] INFO:colcon.colcon_ros.task.ament_cmake.build:Building ROS package in '/home/dong/ros2_ws/src/ros2_unitree_legged_msgs' with build type 'ament_cmake'
[0.907s] INFO:colcon.colcon_cmake.task.cmake.build:Building CMake package in '/home/dong/ros2_ws/src/ros2_unitree_legged_msgs'
[0.918s] INFO:colcon.colcon_core.plugin_system:Skipping extension 'colcon_core.shell.bat': Not used on non-Windows systems
[0.918s] INFO:colcon.colcon_core.shell:Skip shell extension 'powershell' for command environment: Not usable outside of PowerShell
[0.918s] DEBUG:colcon.colcon_core.shell:Skip shell extension 'dsv' for command environment
[0.945s] DEBUG:colcon.colcon_core.event_handler.log_command:Invoking command in '/home/dong/ros2_ws/build/ros2_unitree_legged_msgs': CMAKE_PREFIX_PATH=/opt/ros/humble /usr/bin/cmake /home/dong/ros2_ws/src/ros2_unitree_legged_msgs -DCMAKE_INSTALL_PREFIX=/home/dong/ros2_ws/install/ros2_unitree_legged_msgs
[2.030s] DEBUG:colcon.colcon_core.event_handler.log_command:Invoked command in '/home/dong/ros2_ws/build/ros2_unitree_legged_msgs' returned '0': CMAKE_PREFIX_PATH=/opt/ros/humble /usr/bin/cmake /home/dong/ros2_ws/src/ros2_unitree_legged_msgs -DCMAKE_INSTALL_PREFIX=/home/dong/ros2_ws/install/ros2_unitree_legged_msgs
[2.030s] DEBUG:colcon.colcon_core.event_handler.log_command:Invoking command in '/home/dong/ros2_ws/build/ros2_unitree_legged_msgs': CMAKE_PREFIX_PATH=/opt/ros/humble /usr/bin/cmake --build /home/dong/ros2_ws/build/ros2_unitree_legged_msgs -- -j8 -l8
[8.972s] DEBUG:colcon.colcon_core.event_handler.log_command:Invoked command in '/home/dong/ros2_ws/build/ros2_unitree_legged_msgs' returned '0': CMAKE_PREFIX_PATH=/opt/ros/humble /usr/bin/cmake --build /home/dong/ros2_ws/build/ros2_unitree_legged_msgs -- -j8 -l8
[9.119s] DEBUG:colcon.colcon_core.event_handler.log_command:Invoking command in '/home/dong/ros2_ws/build/ros2_unitree_legged_msgs': CMAKE_PREFIX_PATH=/opt/ros/humble /usr/bin/cmake --install /home/dong/ros2_ws/build/ros2_unitree_legged_msgs
[9.185s] Level 1:colcon.colcon_core.environment:create_environment_scripts_only(ros2_unitree_legged_msgs)
[9.185s] DEBUG:colcon.colcon_core.event_handler.log_command:Invoked command in '/home/dong/ros2_ws/build/ros2_unitree_legged_msgs' returned '0': CMAKE_PREFIX_PATH=/opt/ros/humble /usr/bin/cmake --install /home/dong/ros2_ws/build/ros2_unitree_legged_msgs
[9.196s] Level 1:colcon.colcon_core.environment:checking '/home/dong/ros2_ws/install/ros2_unitree_legged_msgs' for CMake module files
[9.197s] Level 1:colcon.colcon_core.environment:checking '/home/dong/ros2_ws/install/ros2_unitree_legged_msgs' for CMake config files
[9.197s] Level 1:colcon.colcon_core.shell:create_environment_hook('ros2_unitree_legged_msgs', 'cmake_prefix_path')
[9.207s] INFO:colcon.colcon_core.shell:Creating environment hook '/home/dong/ros2_ws/install/ros2_unitree_legged_msgs/share/ros2_unitree_legged_msgs/hook/cmake_prefix_path.ps1'
[9.208s] INFO:colcon.colcon_core.shell:Creating environment descriptor '/home/dong/ros2_ws/install/ros2_unitree_legged_msgs/share/ros2_unitree_legged_msgs/hook/cmake_prefix_path.dsv'
[9.208s] INFO:colcon.colcon_core.shell:Creating environment hook '/home/dong/ros2_ws/install/ros2_unitree_legged_msgs/share/ros2_unitree_legged_msgs/hook/cmake_prefix_path.sh'
[9.208s] Level 1:colcon.colcon_core.environment:checking '/home/dong/ros2_ws/install/ros2_unitree_legged_msgs/lib'
[9.209s] Level 1:colcon.colcon_core.shell:create_environment_hook('ros2_unitree_legged_msgs', 'ld_library_path_lib')
[9.219s] INFO:colcon.colcon_core.shell:Creating environment hook '/home/dong/ros2_ws/install/ros2_unitree_legged_msgs/share/ros2_unitree_legged_msgs/hook/ld_library_path_lib.ps1'
[9.219s] INFO:colcon.colcon_core.shell:Creating environment descriptor '/home/dong/ros2_ws/install/ros2_unitree_legged_msgs/share/ros2_unitree_legged_msgs/hook/ld_library_path_lib.dsv'
[9.219s] INFO:colcon.colcon_core.shell:Creating environment hook '/home/dong/ros2_ws/install/ros2_unitree_legged_msgs/share/ros2_unitree_legged_msgs/hook/ld_library_path_lib.sh'
[9.219s] Level 1:colcon.colcon_core.environment:checking '/home/dong/ros2_ws/install/ros2_unitree_legged_msgs/bin'
[9.219s] Level 1:colcon.colcon_core.environment:checking '/home/dong/ros2_ws/install/ros2_unitree_legged_msgs/lib/pkgconfig/ros2_unitree_legged_msgs.pc'
[9.220s] Level 1:colcon.colcon_core.environment:checking '/home/dong/ros2_ws/install/ros2_unitree_legged_msgs/lib/python3.10/site-packages'
[9.220s] Level 1:colcon.colcon_core.environment:checking '/home/dong/ros2_ws/install/ros2_unitree_legged_msgs/bin'
[9.230s] INFO:colcon.colcon_core.shell:Creating package script '/home/dong/ros2_ws/install/ros2_unitree_legged_msgs/share/ros2_unitree_legged_msgs/package.ps1'
[9.231s] INFO:colcon.colcon_core.shell:Creating package descriptor '/home/dong/ros2_ws/install/ros2_unitree_legged_msgs/share/ros2_unitree_legged_msgs/package.dsv'
[9.231s] INFO:colcon.colcon_core.shell:Creating package script '/home/dong/ros2_ws/install/ros2_unitree_legged_msgs/share/ros2_unitree_legged_msgs/package.sh'
[9.231s] INFO:colcon.colcon_core.shell:Creating package script '/home/dong/ros2_ws/install/ros2_unitree_legged_msgs/share/ros2_unitree_legged_msgs/package.bash'
[9.232s] INFO:colcon.colcon_core.shell:Creating package script '/home/dong/ros2_ws/install/ros2_unitree_legged_msgs/share/ros2_unitree_legged_msgs/package.zsh'
[9.232s] Level 1:colcon.colcon_core.environment:create_file_with_runtime_dependencies(/home/dong/ros2_ws/install/ros2_unitree_legged_msgs/share/colcon-core/packages/ros2_unitree_legged_msgs)
[9.383s] Level 1:colcon.colcon_core.environment:create_environment_scripts_only(ros2_unitree_legged_msgs)
[9.393s] Level 1:colcon.colcon_core.environment:checking '/home/dong/ros2_ws/install/ros2_unitree_legged_msgs' for CMake module files
[9.393s] Level 1:colcon.colcon_core.environment:checking '/home/dong/ros2_ws/install/ros2_unitree_legged_msgs' for CMake config files
[9.393s] Level 1:colcon.colcon_core.shell:create_environment_hook('ros2_unitree_legged_msgs', 'cmake_prefix_path')
[9.403s] INFO:colcon.colcon_core.shell:Creating environment hook '/home/dong/ros2_ws/install/ros2_unitree_legged_msgs/share/ros2_unitree_legged_msgs/hook/cmake_prefix_path.ps1'
[9.404s] INFO:colcon.colcon_core.shell:Creating environment descriptor '/home/dong/ros2_ws/install/ros2_unitree_legged_msgs/share/ros2_unitree_legged_msgs/hook/cmake_prefix_path.dsv'
[9.404s] INFO:colcon.colcon_core.shell:Creating environment hook '/home/dong/ros2_ws/install/ros2_unitree_legged_msgs/share/ros2_unitree_legged_msgs/hook/cmake_prefix_path.sh'
[9.404s] Level 1:colcon.colcon_core.environment:checking '/home/dong/ros2_ws/install/ros2_unitree_legged_msgs/lib'
[9.404s] Level 1:colcon.colcon_core.shell:create_environment_hook('ros2_unitree_legged_msgs', 'ld_library_path_lib')
[9.414s] INFO:colcon.colcon_core.shell:Creating environment hook '/home/dong/ros2_ws/install/ros2_unitree_legged_msgs/share/ros2_unitree_legged_msgs/hook/ld_library_path_lib.ps1'
[9.414s] INFO:colcon.colcon_core.shell:Creating environment descriptor '/home/dong/ros2_ws/install/ros2_unitree_legged_msgs/share/ros2_unitree_legged_msgs/hook/ld_library_path_lib.dsv'
[9.414s] INFO:colcon.colcon_core.shell:Creating environment hook '/home/dong/ros2_ws/install/ros2_unitree_legged_msgs/share/ros2_unitree_legged_msgs/hook/ld_library_path_lib.sh'
[9.415s] Level 1:colcon.colcon_core.environment:checking '/home/dong/ros2_ws/install/ros2_unitree_legged_msgs/bin'
[9.415s] Level 1:colcon.colcon_core.environment:checking '/home/dong/ros2_ws/install/ros2_unitree_legged_msgs/lib/pkgconfig/ros2_unitree_legged_msgs.pc'
[9.415s] Level 1:colcon.colcon_core.environment:checking '/home/dong/ros2_ws/install/ros2_unitree_legged_msgs/lib/python3.10/site-packages'
[9.415s] Level 1:colcon.colcon_core.environment:checking '/home/dong/ros2_ws/install/ros2_unitree_legged_msgs/bin'
[9.425s] INFO:colcon.colcon_core.shell:Creating package script '/home/dong/ros2_ws/install/ros2_unitree_legged_msgs/share/ros2_unitree_legged_msgs/package.ps1'
[9.425s] INFO:colcon.colcon_core.shell:Creating package descriptor '/home/dong/ros2_ws/install/ros2_unitree_legged_msgs/share/ros2_unitree_legged_msgs/package.dsv'
[9.426s] INFO:colcon.colcon_core.shell:Creating package script '/home/dong/ros2_ws/install/ros2_unitree_legged_msgs/share/ros2_unitree_legged_msgs/package.sh'
[9.426s] INFO:colcon.colcon_core.shell:Creating package script '/home/dong/ros2_ws/install/ros2_unitree_legged_msgs/share/ros2_unitree_legged_msgs/package.bash'
[9.426s] INFO:colcon.colcon_core.shell:Creating package script '/home/dong/ros2_ws/install/ros2_unitree_legged_msgs/share/ros2_unitree_legged_msgs/package.zsh'
[9.426s] Level 1:colcon.colcon_core.environment:create_file_with_runtime_dependencies(/home/dong/ros2_ws/install/ros2_unitree_legged_msgs/share/colcon-core/packages/ros2_unitree_legged_msgs)
[9.427s] INFO:colcon.colcon_ros.task.ament_cmake.build:Building ROS package in '/home/dong/ros2_ws/src/unitree_ros2_to_real' with build type 'ament_cmake'
[9.427s] INFO:colcon.colcon_cmake.task.cmake.build:Building CMake package in '/home/dong/ros2_ws/src/unitree_ros2_to_real'
[9.438s] INFO:colcon.colcon_core.shell:Skip shell extension 'powershell' for command environment: Not usable outside of PowerShell
[9.438s] DEBUG:colcon.colcon_core.shell:Skip shell extension 'dsv' for command environment
[9.465s] DEBUG:colcon.colcon_core.event_handler.log_command:Invoking command in '/home/dong/ros2_ws/build/unitree_legged_real': AMENT_PREFIX_PATH=/home/dong/ros2_ws/install/ros2_unitree_legged_msgs:${AMENT_PREFIX_PATH} CMAKE_PREFIX_PATH=/home/dong/ros2_ws/install/ros2_unitree_legged_msgs:/opt/ros/humble LD_LIBRARY_PATH=/home/dong/ros2_ws/install/ros2_unitree_legged_msgs/lib:${LD_LIBRARY_PATH} PYTHONPATH=/home/dong/ros2_ws/install/ros2_unitree_legged_msgs/local/lib/python3.10/dist-packages:${PYTHONPATH} /usr/bin/cmake /home/dong/ros2_ws/src/unitree_ros2_to_real -DCMAKE_INSTALL_PREFIX=/home/dong/ros2_ws/install/unitree_legged_real
[10.458s] DEBUG:colcon.colcon_core.event_handler.log_command:Invoked command in '/home/dong/ros2_ws/build/unitree_legged_real' returned '0': AMENT_PREFIX_PATH=/home/dong/ros2_ws/install/ros2_unitree_legged_msgs:${AMENT_PREFIX_PATH} CMAKE_PREFIX_PATH=/home/dong/ros2_ws/install/ros2_unitree_legged_msgs:/opt/ros/humble LD_LIBRARY_PATH=/home/dong/ros2_ws/install/ros2_unitree_legged_msgs/lib:${LD_LIBRARY_PATH} PYTHONPATH=/home/dong/ros2_ws/install/ros2_unitree_legged_msgs/local/lib/python3.10/dist-packages:${PYTHONPATH} /usr/bin/cmake /home/dong/ros2_ws/src/unitree_ros2_to_real -DCMAKE_INSTALL_PREFIX=/home/dong/ros2_ws/install/unitree_legged_real
[10.459s] DEBUG:colcon.colcon_core.event_handler.log_command:Invoking command in '/home/dong/ros2_ws/build/unitree_legged_real': AMENT_PREFIX_PATH=/home/dong/ros2_ws/install/ros2_unitree_legged_msgs:${AMENT_PREFIX_PATH} CMAKE_PREFIX_PATH=/home/dong/ros2_ws/install/ros2_unitree_legged_msgs:/opt/ros/humble LD_LIBRARY_PATH=/home/dong/ros2_ws/install/ros2_unitree_legged_msgs/lib:${LD_LIBRARY_PATH} PYTHONPATH=/home/dong/ros2_ws/install/ros2_unitree_legged_msgs/local/lib/python3.10/dist-packages:${PYTHONPATH} /usr/bin/cmake --build /home/dong/ros2_ws/build/unitree_legged_real -- -j8 -l8
[21.540s] DEBUG:colcon.colcon_core.event_handler.log_command:Invoked command in '/home/dong/ros2_ws/build/unitree_legged_real' returned '0': AMENT_PREFIX_PATH=/home/dong/ros2_ws/install/ros2_unitree_legged_msgs:${AMENT_PREFIX_PATH} CMAKE_PREFIX_PATH=/home/dong/ros2_ws/install/ros2_unitree_legged_msgs:/opt/ros/humble LD_LIBRARY_PATH=/home/dong/ros2_ws/install/ros2_unitree_legged_msgs/lib:${LD_LIBRARY_PATH} PYTHONPATH=/home/dong/ros2_ws/install/ros2_unitree_legged_msgs/local/lib/python3.10/dist-packages:${PYTHONPATH} /usr/bin/cmake --build /home/dong/ros2_ws/build/unitree_legged_real -- -j8 -l8
[21.560s] DEBUG:colcon.colcon_core.event_handler.log_command:Invoking command in '/home/dong/ros2_ws/build/unitree_legged_real': AMENT_PREFIX_PATH=/home/dong/ros2_ws/install/ros2_unitree_legged_msgs:${AMENT_PREFIX_PATH} CMAKE_PREFIX_PATH=/home/dong/ros2_ws/install/ros2_unitree_legged_msgs:/opt/ros/humble LD_LIBRARY_PATH=/home/dong/ros2_ws/install/ros2_unitree_legged_msgs/lib:${LD_LIBRARY_PATH} PYTHONPATH=/home/dong/ros2_ws/install/ros2_unitree_legged_msgs/local/lib/python3.10/dist-packages:${PYTHONPATH} /usr/bin/cmake --install /home/dong/ros2_ws/build/unitree_legged_real
[21.570s] Level 1:colcon.colcon_core.environment:create_environment_scripts_only(unitree_legged_real)
[21.570s] DEBUG:colcon.colcon_core.event_handler.log_command:Invoked command in '/home/dong/ros2_ws/build/unitree_legged_real' returned '0': AMENT_PREFIX_PATH=/home/dong/ros2_ws/install/ros2_unitree_legged_msgs:${AMENT_PREFIX_PATH} CMAKE_PREFIX_PATH=/home/dong/ros2_ws/install/ros2_unitree_legged_msgs:/opt/ros/humble LD_LIBRARY_PATH=/home/dong/ros2_ws/install/ros2_unitree_legged_msgs/lib:${LD_LIBRARY_PATH} PYTHONPATH=/home/dong/ros2_ws/install/ros2_unitree_legged_msgs/local/lib/python3.10/dist-packages:${PYTHONPATH} /usr/bin/cmake --install /home/dong/ros2_ws/build/unitree_legged_real
[21.580s] Level 1:colcon.colcon_core.environment:checking '/home/dong/ros2_ws/install/unitree_legged_real' for CMake module files
[21.580s] Level 1:colcon.colcon_core.environment:checking '/home/dong/ros2_ws/install/unitree_legged_real' for CMake config files
[21.580s] Level 1:colcon.colcon_core.shell:create_environment_hook('unitree_legged_real', 'cmake_prefix_path')
[21.591s] INFO:colcon.colcon_core.shell:Creating environment hook '/home/dong/ros2_ws/install/unitree_legged_real/share/unitree_legged_real/hook/cmake_prefix_path.ps1'
[21.591s] INFO:colcon.colcon_core.shell:Creating environment descriptor '/home/dong/ros2_ws/install/unitree_legged_real/share/unitree_legged_real/hook/cmake_prefix_path.dsv'
[21.591s] INFO:colcon.colcon_core.shell:Creating environment hook '/home/dong/ros2_ws/install/unitree_legged_real/share/unitree_legged_real/hook/cmake_prefix_path.sh'
[21.592s] Level 1:colcon.colcon_core.environment:checking '/home/dong/ros2_ws/install/unitree_legged_real/lib'
[21.592s] Level 1:colcon.colcon_core.shell:create_environment_hook('unitree_legged_real', 'ld_library_path_lib')
[21.602s] INFO:colcon.colcon_core.shell:Creating environment hook '/home/dong/ros2_ws/install/unitree_legged_real/share/unitree_legged_real/hook/ld_library_path_lib.ps1'
[21.602s] INFO:colcon.colcon_core.shell:Creating environment descriptor '/home/dong/ros2_ws/install/unitree_legged_real/share/unitree_legged_real/hook/ld_library_path_lib.dsv'
[21.602s] INFO:colcon.colcon_core.shell:Creating environment hook '/home/dong/ros2_ws/install/unitree_legged_real/share/unitree_legged_real/hook/ld_library_path_lib.sh'
[21.603s] Level 1:colcon.colcon_core.environment:checking '/home/dong/ros2_ws/install/unitree_legged_real/bin'
[21.603s] Level 1:colcon.colcon_core.environment:checking '/home/dong/ros2_ws/install/unitree_legged_real/lib/pkgconfig/unitree_legged_real.pc'
[21.603s] Level 1:colcon.colcon_core.environment:checking '/home/dong/ros2_ws/install/unitree_legged_real/lib/python3.10/site-packages'
[21.603s] Level 1:colcon.colcon_core.environment:checking '/home/dong/ros2_ws/install/unitree_legged_real/bin'
[21.614s] INFO:colcon.colcon_core.shell:Creating package script '/home/dong/ros2_ws/install/unitree_legged_real/share/unitree_legged_real/package.ps1'
[21.614s] INFO:colcon.colcon_core.shell:Creating package descriptor '/home/dong/ros2_ws/install/unitree_legged_real/share/unitree_legged_real/package.dsv'
[21.614s] INFO:colcon.colcon_core.shell:Creating package script '/home/dong/ros2_ws/install/unitree_legged_real/share/unitree_legged_real/package.sh'
[21.614s] INFO:colcon.colcon_core.shell:Creating package script '/home/dong/ros2_ws/install/unitree_legged_real/share/unitree_legged_real/package.bash'
[21.614s] INFO:colcon.colcon_core.shell:Creating package script '/home/dong/ros2_ws/install/unitree_legged_real/share/unitree_legged_real/package.zsh'
[21.615s] Level 1:colcon.colcon_core.environment:create_file_with_runtime_dependencies(/home/dong/ros2_ws/install/unitree_legged_real/share/colcon-core/packages/unitree_legged_real)
[21.643s] Level 1:colcon.colcon_core.environment:create_environment_scripts_only(unitree_legged_real)
[21.653s] Level 1:colcon.colcon_core.environment:checking '/home/dong/ros2_ws/install/unitree_legged_real' for CMake module files
[21.653s] Level 1:colcon.colcon_core.environment:checking '/home/dong/ros2_ws/install/unitree_legged_real' for CMake config files
[21.653s] Level 1:colcon.colcon_core.shell:create_environment_hook('unitree_legged_real', 'cmake_prefix_path')
[21.663s] INFO:colcon.colcon_core.shell:Creating environment hook '/home/dong/ros2_ws/install/unitree_legged_real/share/unitree_legged_real/hook/cmake_prefix_path.ps1'
[21.663s] INFO:colcon.colcon_core.shell:Creating environment descriptor '/home/dong/ros2_ws/install/unitree_legged_real/share/unitree_legged_real/hook/cmake_prefix_path.dsv'
[21.664s] INFO:colcon.colcon_core.shell:Creating environment hook '/home/dong/ros2_ws/install/unitree_legged_real/share/unitree_legged_real/hook/cmake_prefix_path.sh'
[21.664s] Level 1:colcon.colcon_core.environment:checking '/home/dong/ros2_ws/install/unitree_legged_real/lib'
[21.664s] Level 1:colcon.colcon_core.shell:create_environment_hook('unitree_legged_real', 'ld_library_path_lib')
[21.674s] INFO:colcon.colcon_core.shell:Creating environment hook '/home/dong/ros2_ws/install/unitree_legged_real/share/unitree_legged_real/hook/ld_library_path_lib.ps1'
[21.674s] INFO:colcon.colcon_core.shell:Creating environment descriptor '/home/dong/ros2_ws/install/unitree_legged_real/share/unitree_legged_real/hook/ld_library_path_lib.dsv'
[21.674s] INFO:colcon.colcon_core.shell:Creating environment hook '/home/dong/ros2_ws/install/unitree_legged_real/share/unitree_legged_real/hook/ld_library_path_lib.sh'
[21.674s] Level 1:colcon.colcon_core.environment:checking '/home/dong/ros2_ws/install/unitree_legged_real/bin'
[21.674s] Level 1:colcon.colcon_core.environment:checking '/home/dong/ros2_ws/install/unitree_legged_real/lib/pkgconfig/unitree_legged_real.pc'
[21.674s] Level 1:colcon.colcon_core.environment:checking '/home/dong/ros2_ws/install/unitree_legged_real/lib/python3.10/site-packages'
[21.675s] Level 1:colcon.colcon_core.environment:checking '/home/dong/ros2_ws/install/unitree_legged_real/bin'
[21.685s] INFO:colcon.colcon_core.shell:Creating package script '/home/dong/ros2_ws/install/unitree_legged_real/share/unitree_legged_real/package.ps1'
[21.685s] INFO:colcon.colcon_core.shell:Creating package descriptor '/home/dong/ros2_ws/install/unitree_legged_real/share/unitree_legged_real/package.dsv'
[21.685s] INFO:colcon.colcon_core.shell:Creating package script '/home/dong/ros2_ws/install/unitree_legged_real/share/unitree_legged_real/package.sh'
[21.686s] INFO:colcon.colcon_core.shell:Creating package script '/home/dong/ros2_ws/install/unitree_legged_real/share/unitree_legged_real/package.bash'
[21.686s] INFO:colcon.colcon_core.shell:Creating package script '/home/dong/ros2_ws/install/unitree_legged_real/share/unitree_legged_real/package.zsh'
[21.686s] Level 1:colcon.colcon_core.environment:create_file_with_runtime_dependencies(/home/dong/ros2_ws/install/unitree_legged_real/share/colcon-core/packages/unitree_legged_real)
[21.686s] DEBUG:colcon.colcon_parallel_executor.executor.parallel:closing loop
[21.686s] DEBUG:colcon.colcon_parallel_executor.executor.parallel:loop closed
[21.686s] DEBUG:colcon.colcon_parallel_executor.executor.parallel:run_until_complete finished with '0'
[21.686s] DEBUG:colcon.colcon_core.event_reactor:joining thread
[21.701s] INFO:colcon.colcon_core.plugin_system:Skipping extension 'colcon_notification.desktop_notification.terminal_notifier': Not used on non-Darwin systems
[21.701s] INFO:colcon.colcon_core.plugin_system:Skipping extension 'colcon_notification.desktop_notification.win32': Not used on non-Windows systems
[21.701s] INFO:colcon.colcon_notification.desktop_notification:Sending desktop notification using 'notify2'
[21.711s] DEBUG:colcon.colcon_core.event_reactor:joined thread
[21.721s] INFO:colcon.colcon_core.shell:Creating prefix script '/home/dong/ros2_ws/install/local_setup.ps1'
[21.722s] INFO:colcon.colcon_core.shell:Creating prefix util module '/home/dong/ros2_ws/install/_local_setup_util_ps1.py'
[21.722s] INFO:colcon.colcon_core.shell:Creating prefix chain script '/home/dong/ros2_ws/install/setup.ps1'
[21.733s] INFO:colcon.colcon_core.shell:Creating prefix script '/home/dong/ros2_ws/install/local_setup.sh'
[21.733s] INFO:colcon.colcon_core.shell:Creating prefix util module '/home/dong/ros2_ws/install/_local_setup_util_sh.py'
[21.734s] INFO:colcon.colcon_core.shell:Creating prefix chain script '/home/dong/ros2_ws/install/setup.sh'
[21.744s] INFO:colcon.colcon_core.shell:Creating prefix script '/home/dong/ros2_ws/install/local_setup.bash'
[21.745s] INFO:colcon.colcon_core.shell:Creating prefix chain script '/home/dong/ros2_ws/install/setup.bash'
[21.756s] INFO:colcon.colcon_core.shell:Creating prefix script '/home/dong/ros2_ws/install/local_setup.zsh'
[21.756s] INFO:colcon.colcon_core.shell:Creating prefix chain script '/home/dong/ros2_ws/install/setup.zsh'
