In file included from [01m[K/usr/include/boost/smart_ptr/detail/sp_thread_sleep.hpp:22[m[K,
                 from [01m[K/usr/include/boost/smart_ptr/detail/yield_k.hpp:23[m[K,
                 from [01m[K/usr/include/boost/smart_ptr/detail/spinlock_gcc_atomic.hpp:14[m[K,
                 from [01m[K/usr/include/boost/smart_ptr/detail/spinlock.hpp:42[m[K,
                 from [01m[K/usr/include/boost/smart_ptr/detail/spinlock_pool.hpp:25[m[K,
                 from [01m[K/usr/include/boost/smart_ptr/shared_ptr.hpp:29[m[K,
                 from [01m[K/usr/include/boost/shared_ptr.hpp:17[m[K,
                 from [01m[K/home/dong/ros2_ws/src/unitree_ros2_to_real/unitree_legged_sdk/include/unitree_legged_sdk/loop.h:14[m[K,
                 from [01m[K/home/dong/ros2_ws/src/unitree_ros2_to_real/unitree_legged_sdk/include/unitree_legged_sdk/unitree_legged_sdk.h:11[m[K,
                 from [01m[K/home/dong/ros2_ws/src/unitree_ros2_to_real/src/ros2_udp.cpp:6[m[K:
[01m[K/usr/include/boost/bind.hpp:36:1:[m[K [01;36m[Knote: [m[K‘[01m[K#pragma message: The practice of declaring the Bind placeholders (_1, _2, ...) in the global namespace is deprecated. Please use <boost/bind/bind.hpp> + using namespace boost::placeholders, or define BOOST_BIND_GLOBAL_PLACEHOLDERS to retain the current behavior.[m[K’
   36 | [01;36m[KBOOST_PRAGMA_MESSAGE[m[K(
      | [01;36m[K^~~~~~~~~~~~~~~~~~~~[m[K
In file included from [01m[K/usr/include/boost/smart_ptr/detail/sp_thread_sleep.hpp:22[m[K,
                 from [01m[K/usr/include/boost/smart_ptr/detail/yield_k.hpp:23[m[K,
                 from [01m[K/usr/include/boost/smart_ptr/detail/spinlock_gcc_atomic.hpp:14[m[K,
                 from [01m[K/usr/include/boost/smart_ptr/detail/spinlock.hpp:42[m[K,
                 from [01m[K/usr/include/boost/smart_ptr/detail/spinlock_pool.hpp:25[m[K,
                 from [01m[K/usr/include/boost/smart_ptr/shared_ptr.hpp:29[m[K,
                 from [01m[K/usr/include/boost/shared_ptr.hpp:17[m[K,
                 from [01m[K/home/dong/ros2_ws/src/unitree_ros2_to_real/unitree_legged_sdk/include/unitree_legged_sdk/loop.h:14[m[K,
                 from [01m[K/home/dong/ros2_ws/src/unitree_ros2_to_real/unitree_legged_sdk/include/unitree_legged_sdk/unitree_legged_sdk.h:11[m[K,
                 from [01m[K/home/dong/ros2_ws/src/unitree_ros2_to_real/src/ros2_walk_example.cpp:6[m[K:
[01m[K/usr/include/boost/bind.hpp:36:1:[m[K [01;36m[Knote: [m[K‘[01m[K#pragma message: The practice of declaring the Bind placeholders (_1, _2, ...) in the global namespace is deprecated. Please use <boost/bind/bind.hpp> + using namespace boost::placeholders, or define BOOST_BIND_GLOBAL_PLACEHOLDERS to retain the current behavior.[m[K’
   36 | [01;36m[KBOOST_PRAGMA_MESSAGE[m[K(
      | [01;36m[K^~~~~~~~~~~~~~~~~~~~[m[K
[01m[K/home/dong/ros2_ws/src/unitree_ros2_to_real/src/ros2_udp.cpp:[m[K In constructor ‘[01m[KCustom::Custom()[m[K’:
[01m[K/home/dong/ros2_ws/src/unitree_ros2_to_real/src/ros2_udp.cpp:28:11:[m[K [01;31m[Kerror: [m[Kno matching function for call to ‘[01m[KUNITREE_LEGGED_SDK::UDP::UDP(const int&)[m[K’
   28 |         : [01;31m[Klow_udp(LOWLEVEL)[m[K,
      |           [01;31m[K^~~~~~~~~~~~~~~~~[m[K
In file included from [01m[K/home/dong/ros2_ws/src/unitree_ros2_to_real/unitree_legged_sdk/include/unitree_legged_sdk/unitree_legged_sdk.h:10[m[K,
                 from [01m[K/home/dong/ros2_ws/src/unitree_ros2_to_real/src/ros2_udp.cpp:6[m[K:
[01m[K/home/dong/ros2_ws/src/unitree_ros2_to_real/unitree_legged_sdk/include/unitree_legged_sdk/udp.h:46:3:[m[K [01;36m[Knote: [m[Kcandidate: ‘[01m[KUNITREE_LEGGED_SDK::UDP::UDP(uint16_t, int, int, bool, UNITREE_LEGGED_SDK::RecvEnum, bool)[m[K’
   46 |   [01;36m[KUDP[m[K(uint16_t localPort,
      |   [01;36m[K^~~[m[K
[01m[K/home/dong/ros2_ws/src/unitree_ros2_to_real/unitree_legged_sdk/include/unitree_legged_sdk/udp.h:46:3:[m[K [01;36m[Knote: [m[K  candidate expects 6 arguments, 1 provided
[01m[K/home/dong/ros2_ws/src/unitree_ros2_to_real/unitree_legged_sdk/include/unitree_legged_sdk/udp.h:44:3:[m[K [01;36m[Knote: [m[Kcandidate: ‘[01m[KUNITREE_LEGGED_SDK::UDP::UDP(uint16_t, const char*, uint16_t, int, int, bool, UNITREE_LEGGED_SDK::RecvEnum)[m[K’
   44 |   [01;36m[KUDP[m[K(uint16_t localPort, const char* targetIP, uint16_t targetPort,
      |   [01;36m[K^~~[m[K
[01m[K/home/dong/ros2_ws/src/unitree_ros2_to_real/unitree_legged_sdk/include/unitree_legged_sdk/udp.h:44:3:[m[K [01;36m[Knote: [m[K  candidate expects 7 arguments, 1 provided
In file included from [01m[K/home/dong/ros2_ws/src/unitree_ros2_to_real/unitree_legged_sdk/include/unitree_legged_sdk/unitree_legged_sdk.h:10[m[K,
                 from [01m[K/home/dong/ros2_ws/src/unitree_ros2_to_real/src/ros2_udp.cpp:6[m[K:
[01m[K/home/dong/ros2_ws/src/unitree_ros2_to_real/unitree_legged_sdk/include/unitree_legged_sdk/udp.h:43:3:[m[K [01;36m[Knote: [m[Kcandidate: ‘[01m[KUNITREE_LEGGED_SDK::UDP::UDP(uint8_t, uint16_t, const char*, uint16_t)[m[K’
   43 |   [01;36m[KUDP[m[K(uint8_t level, uint16_t localPort, const char* targetIP, uint16_t targetPort);  // udp use dafault length according to level
      |   [01;36m[K^~~[m[K
[01m[K/home/dong/ros2_ws/src/unitree_ros2_to_real/unitree_legged_sdk/include/unitree_legged_sdk/udp.h:43:3:[m[K [01;36m[Knote: [m[K  candidate expects 4 arguments, 1 provided
[01m[K/home/dong/ros2_ws/src/unitree_ros2_to_real/unitree_legged_sdk/include/unitree_legged_sdk/udp.h:41:7:[m[K [01;36m[Knote: [m[Kcandidate: ‘[01m[Kconstexpr UNITREE_LEGGED_SDK::UDP::UDP(const UNITREE_LEGGED_SDK::UDP&)[m[K’
   41 | class [01;36m[KUDP[m[K {
      |       [01;36m[K^~~[m[K
[01m[K/home/dong/ros2_ws/src/unitree_ros2_to_real/unitree_legged_sdk/include/unitree_legged_sdk/udp.h:41:7:[m[K [01;36m[Knote: [m[K  no known conversion for argument 1 from ‘[01m[Kconst int[m[K’ to ‘[01m[Kconst UNITREE_LEGGED_SDK::UDP&[m[K’
In file included from [01m[K/usr/include/boost/smart_ptr/detail/sp_thread_sleep.hpp:22[m[K,
                 from [01m[K/usr/include/boost/smart_ptr/detail/yield_k.hpp:23[m[K,
                 from [01m[K/usr/include/boost/smart_ptr/detail/spinlock_gcc_atomic.hpp:14[m[K,
                 from [01m[K/usr/include/boost/smart_ptr/detail/spinlock.hpp:42[m[K,
                 from [01m[K/usr/include/boost/smart_ptr/detail/spinlock_pool.hpp:25[m[K,
                 from [01m[K/usr/include/boost/smart_ptr/shared_ptr.hpp:29[m[K,
                 from [01m[K/usr/include/boost/shared_ptr.hpp:17[m[K,
                 from [01m[K/home/dong/ros2_ws/src/unitree_ros2_to_real/unitree_legged_sdk/include/unitree_legged_sdk/loop.h:14[m[K,
                 from [01m[K/home/dong/ros2_ws/src/unitree_ros2_to_real/unitree_legged_sdk/include/unitree_legged_sdk/unitree_legged_sdk.h:11[m[K,
                 from [01m[K/home/dong/ros2_ws/src/unitree_ros2_to_real/src/ros2_position_example.cpp:6[m[K:
[01m[K/usr/include/boost/bind.hpp:36:1:[m[K [01;36m[Knote: [m[K‘[01m[K#pragma message: The practice of declaring the Bind placeholders (_1, _2, ...) in the global namespace is deprecated. Please use <boost/bind/bind.hpp> + using namespace boost::placeholders, or define BOOST_BIND_GLOBAL_PLACEHOLDERS to retain the current behavior.[m[K’
   36 | [01;36m[KBOOST_PRAGMA_MESSAGE[m[K(
      | [01;36m[K^~~~~~~~~~~~~~~~~~~~[m[K
/usr/bin/ld: cannot find -lunitree_legged_sdk_amd64: 그런 파일이나 디렉터리가 없습니다
/usr/bin/ld: cannot find -lunitree_legged_sdk_amd64: 그런 파일이나 디렉터리가 없습니다
collect2: error: ld returned 1 exit status
collect2: error: ld returned 1 exit status
gmake[2]: *** [CMakeFiles/ros2_walk_example.dir/build.make:159: ros2_walk_example] 오류 1
gmake[1]: *** [CMakeFiles/Makefile2:167: CMakeFiles/ros2_walk_example.dir/all] 오류 2
gmake[1]: *** 끝나지 않은 작업을 기다리고 있습니다....
gmake[2]: *** [CMakeFiles/ros2_position_example.dir/build.make:159: ros2_position_example] 오류 1
gmake[1]: *** [CMakeFiles/Makefile2:193: CMakeFiles/ros2_position_example.dir/all] 오류 2
gmake[2]: *** [CMakeFiles/ros2_udp.dir/build.make:76: CMakeFiles/ros2_udp.dir/src/ros2_udp.cpp.o] 오류 1
gmake[1]: *** [CMakeFiles/Makefile2:141: CMakeFiles/ros2_udp.dir/all] 오류 2
gmake: *** [Makefile:146: all] 오류 2
