[0.050s] Invoking command in '/home/dong/ros2_ws/build/unitree_legged_real': CMAKE_PREFIX_PATH=/home/dong/ros2_ws/install/ros2_unitree_legged_msgs:/home/dong/ros2_ws/install/unitree_legged_real:/opt/ros/humble LD_LIBRARY_PATH=/home/dong/ros2_ws/install/ros2_unitree_legged_msgs/lib:/home/dong/ros2_ws/install/unitree_legged_real/lib:/opt/ros/humble/opt/rviz_ogre_vendor/lib:/opt/ros/humble/lib/x86_64-linux-gnu:/opt/ros/humble/lib /usr/bin/cmake --build /home/dong/ros2_ws/build/unitree_legged_real -- -j8 -l8
[0.066s] -- Found ament_cmake: 1.3.8 (/opt/ros/humble/share/ament_cmake/cmake)
[0.148s] -- Found rclcpp: 16.0.8 (/opt/ros/humble/share/rclcpp/cmake)
[0.167s] -- Found rosidl_generator_c: 3.1.5 (/opt/ros/humble/share/rosidl_generator_c/cmake)
[0.168s] -- Found rosidl_adapter: 3.1.5 (/opt/ros/humble/share/rosidl_adapter/cmake)
[0.172s] -- Found rosidl_generator_cpp: 3.1.5 (/opt/ros/humble/share/rosidl_generator_cpp/cmake)
[0.179s] -- Using all available rosidl_typesupport_c: rosidl_typesupport_fastrtps_c;rosidl_typesupport_introspection_c
[0.188s] -- Using all available rosidl_typesupport_cpp: rosidl_typesupport_fastrtps_cpp;rosidl_typesupport_introspection_cpp
[0.225s] -- Found rmw_implementation_cmake: 6.1.1 (/opt/ros/humble/share/rmw_implementation_cmake/cmake)
[0.226s] -- Found rmw_fastrtps_cpp: 6.2.6 (/opt/ros/humble/share/rmw_fastrtps_cpp/cmake)
[0.309s] -- Using RMW implementation 'rmw_fastrtps_cpp' as default
[0.412s] -- Found rclpy: 3.3.12 (/opt/ros/humble/share/rclpy/cmake)
[0.412s] -- Found ros2_unitree_legged_msgs: 0.4.0 (/home/dong/ros2_ws/install/ros2_unitree_legged_msgs/share/ros2_unitree_legged_msgs/cmake)
[0.421s] [0m-- CMAKE_SYSTEM_PROCESSOR: x86_64[0m
[0.477s] -- Configuring done
[0.485s] -- Generating done
[0.486s] -- Build files have been written to: /home/dong/ros2_ws/build/unitree_legged_real
[0.503s] [35m[1mConsolidate compiler generated dependencies of target ros2_walk_example[0m
[0.503s] [35m[1mConsolidate compiler generated dependencies of target ros2_position_example[0m
[0.503s] [35m[1mConsolidate compiler generated dependencies of target ros2_udp[0m
[0.518s] [100%] Built target ros2_walk_example
[0.518s] [100%] Built target ros2_position_example
[0.518s] [100%] Built target ros2_udp
[0.526s] Invoked command in '/home/dong/ros2_ws/build/unitree_legged_real' returned '0': CMAKE_PREFIX_PATH=/home/dong/ros2_ws/install/ros2_unitree_legged_msgs:/home/dong/ros2_ws/install/unitree_legged_real:/opt/ros/humble LD_LIBRARY_PATH=/home/dong/ros2_ws/install/ros2_unitree_legged_msgs/lib:/home/dong/ros2_ws/install/unitree_legged_real/lib:/opt/ros/humble/opt/rviz_ogre_vendor/lib:/opt/ros/humble/lib/x86_64-linux-gnu:/opt/ros/humble/lib /usr/bin/cmake --build /home/dong/ros2_ws/build/unitree_legged_real -- -j8 -l8
[0.553s] Invoking command in '/home/dong/ros2_ws/build/unitree_legged_real': CMAKE_PREFIX_PATH=/home/dong/ros2_ws/install/ros2_unitree_legged_msgs:/home/dong/ros2_ws/install/unitree_legged_real:/opt/ros/humble LD_LIBRARY_PATH=/home/dong/ros2_ws/install/ros2_unitree_legged_msgs/lib:/home/dong/ros2_ws/install/unitree_legged_real/lib:/opt/ros/humble/opt/rviz_ogre_vendor/lib:/opt/ros/humble/lib/x86_64-linux-gnu:/opt/ros/humble/lib /usr/bin/cmake --install /home/dong/ros2_ws/build/unitree_legged_real
[0.559s] -- Install configuration: ""
[0.559s] -- Installing: /home/dong/ros2_ws/install/unitree_legged_real/lib/unitree_legged_real/control.py
[0.559s] -- Up-to-date: /home/dong/ros2_ws/install/unitree_legged_real/lib/unitree_legged_real/ros2_udp
[0.559s] -- Up-to-date: /home/dong/ros2_ws/install/unitree_legged_real/lib/unitree_legged_real/ros2_walk_example
[0.559s] -- Up-to-date: /home/dong/ros2_ws/install/unitree_legged_real/lib/unitree_legged_real/ros2_position_example
[0.559s] -- Up-to-date: /home/dong/ros2_ws/install/unitree_legged_real/lib
[0.560s] -- Up-to-date: /home/dong/ros2_ws/install/unitree_legged_real/lib/libunitree_legged_sdk_arm64.so
[0.560s] -- Up-to-date: /home/dong/ros2_ws/install/unitree_legged_real/lib/libunitree_legged_sdk_amd64.so
[0.560s] -- Up-to-date: /home/dong/ros2_ws/install/unitree_legged_real/share/ament_index/resource_index/package_run_dependencies/unitree_legged_real
[0.560s] -- Up-to-date: /home/dong/ros2_ws/install/unitree_legged_real/share/ament_index/resource_index/parent_prefix_path/unitree_legged_real
[0.560s] -- Up-to-date: /home/dong/ros2_ws/install/unitree_legged_real/share/unitree_legged_real/environment/ament_prefix_path.sh
[0.560s] -- Installing: /home/dong/ros2_ws/install/unitree_legged_real/share/unitree_legged_real/environment/ament_prefix_path.dsv
[0.560s] -- Up-to-date: /home/dong/ros2_ws/install/unitree_legged_real/share/unitree_legged_real/environment/path.sh
[0.560s] -- Installing: /home/dong/ros2_ws/install/unitree_legged_real/share/unitree_legged_real/environment/path.dsv
[0.560s] -- Up-to-date: /home/dong/ros2_ws/install/unitree_legged_real/share/unitree_legged_real/local_setup.bash
[0.560s] -- Up-to-date: /home/dong/ros2_ws/install/unitree_legged_real/share/unitree_legged_real/local_setup.sh
[0.560s] -- Up-to-date: /home/dong/ros2_ws/install/unitree_legged_real/share/unitree_legged_real/local_setup.zsh
[0.560s] -- Installing: /home/dong/ros2_ws/install/unitree_legged_real/share/unitree_legged_real/local_setup.dsv
[0.560s] -- Installing: /home/dong/ros2_ws/install/unitree_legged_real/share/unitree_legged_real/package.dsv
[0.560s] -- Up-to-date: /home/dong/ros2_ws/install/unitree_legged_real/share/ament_index/resource_index/packages/unitree_legged_real
[0.560s] -- Up-to-date: /home/dong/ros2_ws/install/unitree_legged_real/share/unitree_legged_real/cmake/unitree_legged_realConfig.cmake
[0.560s] -- Up-to-date: /home/dong/ros2_ws/install/unitree_legged_real/share/unitree_legged_real/cmake/unitree_legged_realConfig-version.cmake
[0.560s] -- Up-to-date: /home/dong/ros2_ws/install/unitree_legged_real/share/unitree_legged_real/package.xml
[0.562s] Invoked command in '/home/dong/ros2_ws/build/unitree_legged_real' returned '0': CMAKE_PREFIX_PATH=/home/dong/ros2_ws/install/ros2_unitree_legged_msgs:/home/dong/ros2_ws/install/unitree_legged_real:/opt/ros/humble LD_LIBRARY_PATH=/home/dong/ros2_ws/install/ros2_unitree_legged_msgs/lib:/home/dong/ros2_ws/install/unitree_legged_real/lib:/opt/ros/humble/opt/rviz_ogre_vendor/lib:/opt/ros/humble/lib/x86_64-linux-gnu:/opt/ros/humble/lib /usr/bin/cmake --install /home/dong/ros2_ws/build/unitree_legged_real
