[0.051s] Invoking command in '/home/dong/ros2_ws/build/unitree_legged_real': CMAKE_PREFIX_PATH=/home/dong/ros2_ws/install/ros2_unitree_legged_msgs:/home/dong/ros2_ws/install/unitree_legged_real:/opt/ros/humble LD_LIBRARY_PATH=/home/dong/ros2_ws/install/ros2_unitree_legged_msgs/lib:/home/dong/ros2_ws/install/unitree_legged_real/lib:/opt/ros/humble/opt/rviz_ogre_vendor/lib:/opt/ros/humble/lib/x86_64-linux-gnu:/opt/ros/humble/lib /usr/bin/cmake --build /home/dong/ros2_ws/build/unitree_legged_real -- -j8 -l8
[0.066s] -- Found ament_cmake: 1.3.8 (/opt/ros/humble/share/ament_cmake/cmake)
[0.148s] -- Found rclcpp: 16.0.8 (/opt/ros/humble/share/rclcpp/cmake)
[0.166s] -- Found rosidl_generator_c: 3.1.5 (/opt/ros/humble/share/rosidl_generator_c/cmake)
[0.167s] -- Found rosidl_adapter: 3.1.5 (/opt/ros/humble/share/rosidl_adapter/cmake)
[0.171s] -- Found rosidl_generator_cpp: 3.1.5 (/opt/ros/humble/share/rosidl_generator_cpp/cmake)
[0.178s] -- Using all available rosidl_typesupport_c: rosidl_typesupport_fastrtps_c;rosidl_typesupport_introspection_c
[0.187s] -- Using all available rosidl_typesupport_cpp: rosidl_typesupport_fastrtps_cpp;rosidl_typesupport_introspection_cpp
[0.223s] -- Found rmw_implementation_cmake: 6.1.1 (/opt/ros/humble/share/rmw_implementation_cmake/cmake)
[0.224s] -- Found rmw_fastrtps_cpp: 6.2.6 (/opt/ros/humble/share/rmw_fastrtps_cpp/cmake)
[0.306s] -- Using RMW implementation 'rmw_fastrtps_cpp' as default
[0.407s] -- Found ros2_unitree_legged_msgs: 0.4.0 (/home/dong/ros2_ws/install/ros2_unitree_legged_msgs/share/ros2_unitree_legged_msgs/cmake)
[0.415s] [0m-- CMAKE_SYSTEM_PROCESSOR: x86_64[0m
[0.471s] -- Configuring done
[0.479s] -- Generating done
[0.480s] -- Build files have been written to: /home/dong/ros2_ws/build/unitree_legged_real
[0.497s] [35m[1mConsolidate compiler generated dependencies of target ros2_position_example[0m
[0.497s] [35m[1mConsolidate compiler generated dependencies of target ros2_walk_example[0m
[0.498s] [35m[1mConsolidate compiler generated dependencies of target ros2_udp[0m
[0.512s] [ 50%] Built target ros2_walk_example
[0.512s] [ 66%] Built target ros2_udp
[0.513s] [100%] Built target ros2_position_example
[0.520s] Invoked command in '/home/dong/ros2_ws/build/unitree_legged_real' returned '0': CMAKE_PREFIX_PATH=/home/dong/ros2_ws/install/ros2_unitree_legged_msgs:/home/dong/ros2_ws/install/unitree_legged_real:/opt/ros/humble LD_LIBRARY_PATH=/home/dong/ros2_ws/install/ros2_unitree_legged_msgs/lib:/home/dong/ros2_ws/install/unitree_legged_real/lib:/opt/ros/humble/opt/rviz_ogre_vendor/lib:/opt/ros/humble/lib/x86_64-linux-gnu:/opt/ros/humble/lib /usr/bin/cmake --build /home/dong/ros2_ws/build/unitree_legged_real -- -j8 -l8
[0.549s] Invoking command in '/home/dong/ros2_ws/build/unitree_legged_real': CMAKE_PREFIX_PATH=/home/dong/ros2_ws/install/ros2_unitree_legged_msgs:/home/dong/ros2_ws/install/unitree_legged_real:/opt/ros/humble LD_LIBRARY_PATH=/home/dong/ros2_ws/install/ros2_unitree_legged_msgs/lib:/home/dong/ros2_ws/install/unitree_legged_real/lib:/opt/ros/humble/opt/rviz_ogre_vendor/lib:/opt/ros/humble/lib/x86_64-linux-gnu:/opt/ros/humble/lib /usr/bin/cmake --install /home/dong/ros2_ws/build/unitree_legged_real
[0.554s] -- Install configuration: ""
[0.554s] -- Up-to-date: /home/dong/ros2_ws/install/unitree_legged_real/lib/unitree_legged_real/ros2_udp
[0.554s] -- Up-to-date: /home/dong/ros2_ws/install/unitree_legged_real/lib/unitree_legged_real/ros2_walk_example
[0.554s] -- Up-to-date: /home/dong/ros2_ws/install/unitree_legged_real/lib/unitree_legged_real/ros2_position_example
[0.554s] -- Up-to-date: /home/dong/ros2_ws/install/unitree_legged_real/lib
[0.555s] -- Up-to-date: /home/dong/ros2_ws/install/unitree_legged_real/lib/libunitree_legged_sdk_arm64.so
[0.555s] -- Up-to-date: /home/dong/ros2_ws/install/unitree_legged_real/lib/libunitree_legged_sdk_amd64.so
[0.555s] [31mCMake Error at cmake_install.cmake:110 (file):
[0.555s]   file INSTALL cannot find
[0.555s]   "/home/dong/ros2_ws/src/unitree_ros2_to_real/src/control": No such file or
[0.555s]   directory.
[0.555s] 
[0.555s] [0m
[0.556s] Invoked command in '/home/dong/ros2_ws/build/unitree_legged_real' returned '1': CMAKE_PREFIX_PATH=/home/dong/ros2_ws/install/ros2_unitree_legged_msgs:/home/dong/ros2_ws/install/unitree_legged_real:/opt/ros/humble LD_LIBRARY_PATH=/home/dong/ros2_ws/install/ros2_unitree_legged_msgs/lib:/home/dong/ros2_ws/install/unitree_legged_real/lib:/opt/ros/humble/opt/rviz_ogre_vendor/lib:/opt/ros/humble/lib/x86_64-linux-gnu:/opt/ros/humble/lib /usr/bin/cmake --install /home/dong/ros2_ws/build/unitree_legged_real
